CodeGen-InterleavedLoadCombinePass DominatorTreeWrapperPass
CodeGen-InterleavedLoadCombinePass MemorySSAWrapperPass
CodeGen-LazyMachineBlockFrequencyInfo MachineBranchProbabilityInfo
CodeGen-LazyMachineBlockFrequencyInfo MachineLoopInfo
CodeGen-ModuloSchedule MachineLoopInfo
CodeGen-ModuloSchedule LiveIntervals
CodeGen-ExpandReductions TargetTransformInfoWrapperPass
CodeGen-StackSlotColoring SlotIndexes
CodeGen-StackSlotColoring LiveStacks
CodeGen-StackSlotColoring MachineLoopInfo
CodeGen-HardwareLoops DominatorTreeWrapperPass
CodeGen-HardwareLoops LoopInfoWrapperPass
CodeGen-HardwareLoops ScalarEvolutionWrapperPass
CodeGen-HardwareLoops OptimizationRemarkEmitterWrapperPass
CodeGen-SelectOptimize LoopInfoWrapperPass
CodeGen-SelectOptimize DominatorTreeWrapperPass
CodeGen-SelectOptimize ProfileSummaryInfoWrapperPass
CodeGen-SelectOptimize TargetPassConfig
CodeGen-SelectOptimize TargetTransformInfoWrapperPass
CodeGen-SelectOptimize OptimizationRemarkEmitterWrapperPass
CodeGen-MachineBlockFrequencyInfo MachineBranchProbabilityInfo
CodeGen-MachineBlockFrequencyInfo MachineLoopInfo
CodeGen-MachineLoopInfo MachineDominatorTree
CodeGen-ShadowStackGCLowering GCModuleInfo
CodeGen-ShadowStackGCLowering DominatorTreeWrapperPass
CodeGen-RenameIndependentSubregs SlotIndexes
CodeGen-RenameIndependentSubregs LiveIntervals
CodeGen-PHIElimination LiveVariables
CodeGen-LiveRegMatrix LiveIntervals
CodeGen-LiveRegMatrix VirtRegMap
CodeGen-ShrinkWrap MachineBlockFrequencyInfo
CodeGen-ShrinkWrap MachineDominatorTree
CodeGen-ShrinkWrap MachinePostDominatorTree
CodeGen-ShrinkWrap MachineLoopInfo
CodeGen-ShrinkWrap MachineOptimizationRemarkEmitterPass
CodeGen-RegAllocBasic LiveDebugVariables
CodeGen-RegAllocBasic SlotIndexes
CodeGen-RegAllocBasic LiveIntervals
CodeGen-RegAllocBasic RegisterCoalescer
CodeGen-RegAllocBasic MachineScheduler
CodeGen-RegAllocBasic LiveStacks
CodeGen-RegAllocBasic AAResultsWrapperPass
CodeGen-RegAllocBasic MachineDominatorTree
CodeGen-RegAllocBasic MachineLoopInfo
CodeGen-RegAllocBasic VirtRegMap
CodeGen-RegAllocBasic LiveRegMatrix
CodeGen-DwarfEHPrepare DominatorTreeWrapperPass
CodeGen-DwarfEHPrepare TargetPassConfig
CodeGen-DwarfEHPrepare TargetTransformInfoWrapperPass
CodeGen-MachineCycleAnalysis MachineCycleInfoWrapperPass
CodeGen-RegUsageInfoPropagate PhysicalRegisterUsageInfo
CodeGen-MachineLICM MachineLoopInfo
CodeGen-MachineLICM MachineBlockFrequencyInfo
CodeGen-MachineLICM MachineDominatorTree
CodeGen-MachineLICM AAResultsWrapperPass
CodeGen-MachineLICM MachineLoopInfo
CodeGen-MachineLICM MachineBlockFrequencyInfo
CodeGen-MachineLICM MachineDominatorTree
CodeGen-MachineLICM AAResultsWrapperPass
CodeGen-ExpandMemCmp TargetLibraryInfoWrapperPass
CodeGen-ExpandMemCmp TargetTransformInfoWrapperPass
CodeGen-ExpandMemCmp LazyBlockFrequencyInfoPass
CodeGen-ExpandMemCmp ProfileSummaryInfoWrapperPass
CodeGen-ExpandMemCmp DominatorTreeWrapperPass
CodeGen-MachinePipeliner AAResultsWrapperPass
CodeGen-MachinePipeliner MachineLoopInfo
CodeGen-MachinePipeliner MachineDominatorTree
CodeGen-MachinePipeliner LiveIntervals
CodeGen-TypePromotion LoopInfoWrapperPass
CodeGen-TypePromotion TargetPassConfig
CodeGen-TypePromotion TargetTransformInfoWrapperPass
CodeGen-MIRSampleProfile MachineBlockFrequencyInfo
CodeGen-MIRSampleProfile MachineDominatorTree
CodeGen-MIRSampleProfile MachinePostDominatorTree
CodeGen-MIRSampleProfile MachineLoopInfo
CodeGen-MIRSampleProfile MachineOptimizationRemarkEmitterPass
CodeGen-RegUsageInfoCollector PhysicalRegisterUsageInfo
CodeGen-GlobalISel-IRTranslator TargetPassConfig
CodeGen-GlobalISel-IRTranslator GISelCSEAnalysisWrapperPass
CodeGen-GlobalISel-IRTranslator BlockFrequencyInfoWrapperPass
CodeGen-GlobalISel-IRTranslator StackProtector
CodeGen-GlobalISel-IRTranslator TargetLibraryInfoWrapperPass
CodeGen-GlobalISel-Legalizer TargetPassConfig
CodeGen-GlobalISel-Legalizer GISelCSEAnalysisWrapperPass
CodeGen-GlobalISel-Localizer TargetTransformInfoWrapperPass
CodeGen-GlobalISel-RegBankSelect MachineBlockFrequencyInfo
CodeGen-GlobalISel-RegBankSelect MachineBranchProbabilityInfo
CodeGen-GlobalISel-RegBankSelect TargetPassConfig
CodeGen-GlobalISel-InstructionSelect TargetPassConfig
CodeGen-GlobalISel-InstructionSelect GISelKnownBitsAnalysis
CodeGen-GlobalISel-InstructionSelect ProfileSummaryInfoWrapperPass
CodeGen-GlobalISel-InstructionSelect LazyBlockFrequencyInfoPass
CodeGen-MachineRegionInfo MachineDominatorTree
CodeGen-MachineRegionInfo MachinePostDominatorTree
CodeGen-MachineRegionInfo MachineDominanceFrontier
CodeGen-InterleavedAccessPass DominatorTreeWrapperPass
CodeGen-VirtRegMap SlotIndexes
CodeGen-VirtRegMap LiveIntervals
CodeGen-VirtRegMap LiveDebugVariables
CodeGen-VirtRegMap LiveStacks
CodeGen-VirtRegMap VirtRegMap
CodeGen-MachineOptimizationRemarkEmitter LazyMachineBlockFrequencyInfoPass
CodeGen-SafeStack TargetPassConfig
CodeGen-SafeStack DominatorTreeWrapperPass
CodeGen-MachineScheduler AAResultsWrapperPass
CodeGen-MachineScheduler MachineDominatorTree
CodeGen-MachineScheduler MachineLoopInfo
CodeGen-MachineScheduler SlotIndexes
CodeGen-MachineScheduler LiveIntervals
CodeGen-MachineScheduler MachineDominatorTree
CodeGen-MachineScheduler MachineLoopInfo
CodeGen-MachineScheduler AAResultsWrapperPass
CodeGen-IfConversion MachineBranchProbabilityInfo
CodeGen-IfConversion ProfileSummaryInfoWrapperPass
CodeGen-MachineDominanceFrontier MachineDominatorTree
CodeGen-XRayInstrumentation MachineLoopInfo
CodeGen-LiveIntervals MachineDominatorTree
CodeGen-LiveIntervals SlotIndexes
CodeGen-BreakFalseDeps ReachingDefAnalysis
CodeGen-TwoAddressInstructionPass AAResultsWrapperPass
CodeGen-SpillPlacement EdgeBundles
CodeGen-SpillPlacement MachineLoopInfo
CodeGen-EarlyIfConversion MachineBranchProbabilityInfo
CodeGen-EarlyIfConversion MachineDominatorTree
CodeGen-EarlyIfConversion MachineTraceMetrics
CodeGen-EarlyIfConversion MachineDominatorTree
CodeGen-EarlyIfConversion MachineBranchProbabilityInfo
CodeGen-PseudoProbeInserter TargetPassConfig
CodeGen-RegAllocGreedy LiveDebugVariables
CodeGen-RegAllocGreedy SlotIndexes
CodeGen-RegAllocGreedy LiveIntervals
CodeGen-RegAllocGreedy RegisterCoalescer
CodeGen-RegAllocGreedy MachineScheduler
CodeGen-RegAllocGreedy LiveStacks
CodeGen-RegAllocGreedy MachineDominatorTree
CodeGen-RegAllocGreedy MachineLoopInfo
CodeGen-RegAllocGreedy VirtRegMap
CodeGen-RegAllocGreedy LiveRegMatrix
CodeGen-RegAllocGreedy EdgeBundles
CodeGen-RegAllocGreedy SpillPlacement
CodeGen-RegAllocGreedy MachineOptimizationRemarkEmitterPass
CodeGen-RegAllocGreedy RegAllocEvictionAdvisorAnalysis
CodeGen-RegAllocGreedy RegAllocPriorityAdvisorAnalysis
CodeGen-RegisterCoalescer LiveIntervals
CodeGen-RegisterCoalescer SlotIndexes
CodeGen-RegisterCoalescer MachineLoopInfo
CodeGen-RegisterCoalescer AAResultsWrapperPass
CodeGen-IndirectBrExpandPass DominatorTreeWrapperPass
CodeGen-MachineCombiner MachineLoopInfo
CodeGen-MachineCombiner MachineTraceMetrics
CodeGen-LiveDebugVariables MachineDominatorTree
CodeGen-LiveDebugVariables LiveIntervals
CodeGen-LiveStacks SlotIndexes
CodeGen-GCRootLowering GCModuleInfo
CodeGen-StackColoring SlotIndexes
CodeGen-StackProtector TargetPassConfig
CodeGen-StackProtector DominatorTreeWrapperPass
CodeGen-ReplaceWithVeclib TargetLibraryInfoWrapperPass
CodeGen-MachineTraceMetrics MachineBranchProbabilityInfo
CodeGen-MachineTraceMetrics MachineLoopInfo
CodeGen-MachineBlockPlacement MachineBranchProbabilityInfo
CodeGen-MachineBlockPlacement MachineBlockFrequencyInfo
CodeGen-MachineBlockPlacement MachinePostDominatorTree
CodeGen-MachineBlockPlacement MachineLoopInfo
CodeGen-MachineBlockPlacement ProfileSummaryInfoWrapperPass
CodeGen-MachineBlockPlacement MachineBranchProbabilityInfo
CodeGen-MachineBlockPlacement MachineBlockFrequencyInfo
CodeGen-ExpandVectorPredication TargetTransformInfoWrapperPass
CodeGen-ExpandVectorPredication DominatorTreeWrapperPass
CodeGen-CodeGenPrepare BasicBlockSectionsProfileReader
CodeGen-CodeGenPrepare LoopInfoWrapperPass
CodeGen-CodeGenPrepare ProfileSummaryInfoWrapperPass
CodeGen-CodeGenPrepare TargetLibraryInfoWrapperPass
CodeGen-CodeGenPrepare TargetPassConfig
CodeGen-CodeGenPrepare TargetTransformInfoWrapperPass
CodeGen-MachineUniformityAnalysis MachineCycleInfoWrapperPass
CodeGen-MachineUniformityAnalysis MachineDominatorTree
CodeGen-MachineUniformityAnalysis MachineUniformityAnalysisPass
CodeGen-PeepholeOptimizer MachineDominatorTree
CodeGen-PeepholeOptimizer MachineLoopInfo
CodeGen-MachineSink MachineBranchProbabilityInfo
CodeGen-MachineSink MachineDominatorTree
CodeGen-MachineSink MachineCycleInfoWrapperPass
CodeGen-MachineSink AAResultsWrapperPass
CodeGen-MachineCSE MachineDominatorTree
CodeGen-MachineCSE AAResultsWrapperPass
CodeGen-LiveVariables UnreachableMachineBlockElim
CodeGen-ImplicitNullChecks AAResultsWrapperPass
CodeGen-PrologEpilogInserter MachineLoopInfo
CodeGen-PrologEpilogInserter MachineDominatorTree
CodeGen-PrologEpilogInserter MachineOptimizationRemarkEmitterPass
IR-SafepointIRVerifier DominatorTreeWrapperPass
Analysis-OptimizationRemarkEmitter LazyBFIPass
Analysis-OptimizationRemarkEmitter ProfileSummaryInfoWrapperPass
Analysis-ScalarEvolution AssumptionCacheTracker
Analysis-ScalarEvolution LoopInfoWrapperPass
Analysis-ScalarEvolution DominatorTreeWrapperPass
Analysis-ScalarEvolution TargetLibraryInfoWrapperPass
Analysis-LoopInfo DominatorTreeWrapperPass
Analysis-IVUsers AssumptionCacheTracker
Analysis-IVUsers LoopInfoWrapperPass
Analysis-IVUsers DominatorTreeWrapperPass
Analysis-IVUsers ScalarEvolutionWrapperPass
Analysis-MemorySSA DominatorTreeWrapperPass
Analysis-MemorySSA AAResultsWrapperPass
Analysis-MemorySSA MemorySSAWrapperPass
Analysis-DemandedBits AssumptionCacheTracker
Analysis-DemandedBits DominatorTreeWrapperPass
Analysis-UniformityAnalysis DominatorTreeWrapperPass
Analysis-UniformityAnalysis TargetTransformInfoWrapperPass
Analysis-CallGraph CallGraphWrapperPass
Analysis-LazyBlockFrequencyInfo LazyBPIPass
Analysis-LazyBlockFrequencyInfo LoopInfoWrapperPass
Analysis-LazyBlockFrequencyInfo LazyBlockFrequencyInfoPass;
Analysis-LazyBlockFrequencyInfo LoopInfoWrapperPass;
Analysis-StackSafetyAnalysis ScalarEvolutionWrapperPass
Analysis-StackSafetyAnalysis StackSafetyInfoWrapperPass
Analysis-StackSafetyAnalysis ImmutableModuleSummaryIndexWrapperPass
Analysis-AliasAnalysisEvaluator AAResultsWrapperPass
Analysis-DependenceAnalysis LoopInfoWrapperPass
Analysis-DependenceAnalysis ScalarEvolutionWrapperPass
Analysis-DependenceAnalysis AAResultsWrapperPass
Analysis-LazyValueInfo AssumptionCacheTracker
Analysis-LazyValueInfo TargetLibraryInfoWrapperPass
Analysis-LazyValueInfo LazyValueInfoWrapperPass
Analysis-Delinearization LoopInfoWrapperPass
Analysis-LoopAccessAnalysis AAResultsWrapperPass
Analysis-LoopAccessAnalysis ScalarEvolutionWrapperPass
Analysis-LoopAccessAnalysis DominatorTreeWrapperPass
Analysis-LoopAccessAnalysis LoopInfoWrapperPass
Analysis-MemDepPrinter MemoryDependenceWrapperPass
Analysis-MustExecute DominatorTreeWrapperPass
Analysis-MustExecute LoopInfoWrapperPass
Analysis-MustExecute PostDominatorTreeWrapperPass
Analysis-MustExecute DominatorTreeWrapperPass
Analysis-MustExecute LoopInfoWrapperPass
Analysis-DominanceFrontier DominatorTreeWrapperPass
Analysis-LazyBranchProbabilityInfo LoopInfoWrapperPass
Analysis-LazyBranchProbabilityInfo TargetLibraryInfoWrapperPass
Analysis-LazyBranchProbabilityInfo LazyBranchProbabilityInfoPass;
Analysis-LazyBranchProbabilityInfo LoopInfoWrapperPass;
Analysis-LazyBranchProbabilityInfo TargetLibraryInfoWrapperPass;
Analysis-MemoryDependenceAnalysis AssumptionCacheTracker
Analysis-MemoryDependenceAnalysis AAResultsWrapperPass
Analysis-MemoryDependenceAnalysis DominatorTreeWrapperPass
Analysis-MemoryDependenceAnalysis TargetLibraryInfoWrapperPass
Analysis-Lint AssumptionCacheTracker
Analysis-Lint TargetLibraryInfoWrapperPass
Analysis-Lint DominatorTreeWrapperPass
Analysis-Lint AAResultsWrapperPass
Analysis-ModuleSummaryAnalysis BlockFrequencyInfoWrapperPass
Analysis-ModuleSummaryAnalysis ProfileSummaryInfoWrapperPass
Analysis-ModuleSummaryAnalysis StackSafetyInfoWrapperPass
Analysis-LegacyDivergenceAnalysis DominatorTreeWrapperPass
Analysis-LegacyDivergenceAnalysis PostDominatorTreeWrapperPass
Analysis-LegacyDivergenceAnalysis LoopInfoWrapperPass
Analysis-RegionInfo DominatorTreeWrapperPass
Analysis-RegionInfo PostDominatorTreeWrapperPass
Analysis-RegionInfo DominanceFrontierWrapperPass
Analysis-AliasAnalysis BasicAAWrapperPass
Analysis-AliasAnalysis ExternalAAWrapperPass
Analysis-AliasAnalysis GlobalsAAWrapperPass
Analysis-AliasAnalysis SCEVAAWrapperPass
Analysis-AliasAnalysis ScopedNoAliasAAWrapperPass
Analysis-AliasAnalysis TypeBasedAAWrapperPass
Analysis-BasicAliasAnalysis AssumptionCacheTracker
Analysis-BasicAliasAnalysis DominatorTreeWrapperPass
Analysis-BasicAliasAnalysis TargetLibraryInfoWrapperPass
Analysis-GlobalsModRef CallGraphWrapperPass
Analysis-GlobalsModRef TargetLibraryInfoWrapperPass
Analysis-BranchProbabilityInfo LoopInfoWrapperPass
Analysis-BranchProbabilityInfo TargetLibraryInfoWrapperPass
Analysis-BranchProbabilityInfo DominatorTreeWrapperPass
Analysis-BranchProbabilityInfo PostDominatorTreeWrapperPass
Analysis-BlockFrequencyInfo BranchProbabilityInfoWrapperPass
Analysis-BlockFrequencyInfo LoopInfoWrapperPass
Analysis-ScalarEvolutionAliasAnalysis ScalarEvolutionWrapperPass
Transforms-InstCombine-InstructionCombining AssumptionCacheTracker
Transforms-InstCombine-InstructionCombining TargetLibraryInfoWrapperPass
Transforms-InstCombine-InstructionCombining TargetTransformInfoWrapperPass
Transforms-InstCombine-InstructionCombining DominatorTreeWrapperPass
Transforms-InstCombine-InstructionCombining AAResultsWrapperPass
Transforms-InstCombine-InstructionCombining GlobalsAAWrapperPass
Transforms-InstCombine-InstructionCombining OptimizationRemarkEmitterWrapperPass
Transforms-InstCombine-InstructionCombining LazyBlockFrequencyInfoPass
Transforms-InstCombine-InstructionCombining ProfileSummaryInfoWrapperPass
Transforms-ObjCARC-ObjCARCContract AAResultsWrapperPass
Transforms-ObjCARC-ObjCARCContract DominatorTreeWrapperPass
Transforms-ObjCARC-DependencyAnalysis.h #ifndef LLVM_LIB_TRANSFORMS_OBJCARC_DEPENDENCYANALYSIS_H
Transforms-ObjCARC-DependencyAnalysis.h #define LLVM_LIB_TRANSFORMS_OBJCARC_DEPENDENCYANALYSIS_H
Transforms-Scalar-Scalarizer DominatorTreeWrapperPass
Transforms-Scalar-InferAddressSpaces AssumptionCacheTracker
Transforms-Scalar-InferAddressSpaces TargetTransformInfoWrapperPass
Transforms-Scalar-LICM LoopPass
Transforms-Scalar-LICM TargetLibraryInfoWrapperPass
Transforms-Scalar-LICM TargetTransformInfoWrapperPass
Transforms-Scalar-LICM MemorySSAWrapperPass
Transforms-Scalar-LICM LazyBFIPass
Transforms-Scalar-LoopSimplifyCFG LoopPass
Transforms-Scalar-LoopSimplifyCFG MemorySSAWrapperPass
Transforms-Scalar-DFAJumpThreading AssumptionCacheTracker
Transforms-Scalar-DFAJumpThreading DominatorTreeWrapperPass
Transforms-Scalar-DFAJumpThreading TargetTransformInfoWrapperPass
Transforms-Scalar-DFAJumpThreading OptimizationRemarkEmitterWrapperPass
Transforms-Scalar-SimplifyCFGPass TargetTransformInfoWrapperPass
Transforms-Scalar-SimplifyCFGPass AssumptionCacheTracker
Transforms-Scalar-SimplifyCFGPass DominatorTreeWrapperPass
Transforms-Scalar-LoopIdiomRecognize LoopPass
Transforms-Scalar-LoopIdiomRecognize TargetLibraryInfoWrapperPass
Transforms-Scalar-LoopIdiomRecognize TargetTransformInfoWrapperPass
Transforms-Scalar-LoopInterchange LoopPass
Transforms-Scalar-LoopInterchange DependenceAnalysisWrapperPass
Transforms-Scalar-LoopInterchange OptimizationRemarkEmitterWrapperPass
Transforms-Scalar-LowerConstantIntrinsics TargetLibraryInfoWrapperPass
Transforms-Scalar-LowerConstantIntrinsics DominatorTreeWrapperPass
Transforms-Scalar-NaryReassociate AssumptionCacheTracker
Transforms-Scalar-NaryReassociate DominatorTreeWrapperPass
Transforms-Scalar-NaryReassociate ScalarEvolutionWrapperPass
Transforms-Scalar-NaryReassociate TargetLibraryInfoWrapperPass
Transforms-Scalar-NaryReassociate TargetTransformInfoWrapperPass
Transforms-Scalar-StructurizeCFG LegacyDivergenceAnalysis
Transforms-Scalar-StructurizeCFG LowerSwitchLegacyPass
Transforms-Scalar-StructurizeCFG DominatorTreeWrapperPass
Transforms-Scalar-StructurizeCFG RegionInfoPass
Transforms-Scalar-CorrelatedValuePropagation DominatorTreeWrapperPass
Transforms-Scalar-CorrelatedValuePropagation LazyValueInfoWrapperPass
Transforms-Scalar-CallSiteSplitting TargetLibraryInfoWrapperPass
Transforms-Scalar-CallSiteSplitting TargetTransformInfoWrapperPass
Transforms-Scalar-CallSiteSplitting DominatorTreeWrapperPass
Transforms-Scalar-SeparateConstOffsetFromGEP DominatorTreeWrapperPass
Transforms-Scalar-SeparateConstOffsetFromGEP ScalarEvolutionWrapperPass
Transforms-Scalar-SeparateConstOffsetFromGEP TargetTransformInfoWrapperPass
Transforms-Scalar-SeparateConstOffsetFromGEP LoopInfoWrapperPass
Transforms-Scalar-SeparateConstOffsetFromGEP TargetLibraryInfoWrapperPass
Transforms-Scalar-ConstantHoisting BlockFrequencyInfoWrapperPass
Transforms-Scalar-ConstantHoisting DominatorTreeWrapperPass
Transforms-Scalar-ConstantHoisting ProfileSummaryInfoWrapperPass
Transforms-Scalar-ConstantHoisting TargetTransformInfoWrapperPass
Transforms-Scalar-LoopStrengthReduce TargetTransformInfoWrapperPass
Transforms-Scalar-LoopStrengthReduce DominatorTreeWrapperPass
Transforms-Scalar-LoopStrengthReduce ScalarEvolutionWrapperPass
Transforms-Scalar-LoopStrengthReduce IVUsersWrapperPass
Transforms-Scalar-LoopStrengthReduce LoopInfoWrapperPass
Transforms-Scalar-LoopStrengthReduce LoopSimplify
Transforms-Scalar-DivRemPairs DominatorTreeWrapperPass
Transforms-Scalar-SCCP TargetLibraryInfoWrapperPass
Transforms-Scalar-SimpleLoopUnswitch AssumptionCacheTracker
Transforms-Scalar-SimpleLoopUnswitch DominatorTreeWrapperPass
Transforms-Scalar-SimpleLoopUnswitch LoopInfoWrapperPass
Transforms-Scalar-SimpleLoopUnswitch LoopPass
Transforms-Scalar-SimpleLoopUnswitch MemorySSAWrapperPass
Transforms-Scalar-SimpleLoopUnswitch TargetTransformInfoWrapperPass
Transforms-Scalar-StraightLineStrengthReduce DominatorTreeWrapperPass
Transforms-Scalar-StraightLineStrengthReduce ScalarEvolutionWrapperPass
Transforms-Scalar-StraightLineStrengthReduce TargetTransformInfoWrapperPass
Transforms-Scalar-GuardWidening DominatorTreeWrapperPass
Transforms-Scalar-GuardWidening PostDominatorTreeWrapperPass
Transforms-Scalar-GuardWidening LoopInfoWrapperPass
Transforms-Scalar-GuardWidening DominatorTreeWrapperPass
Transforms-Scalar-GuardWidening PostDominatorTreeWrapperPass
Transforms-Scalar-GuardWidening LoopInfoWrapperPass
Transforms-Scalar-LoopUnrollAndJamPass DominatorTreeWrapperPass
Transforms-Scalar-LoopUnrollAndJamPass LoopPass
Transforms-Scalar-LoopUnrollAndJamPass LoopInfoWrapperPass
Transforms-Scalar-LoopUnrollAndJamPass LoopSimplify
Transforms-Scalar-LoopUnrollAndJamPass LCSSAWrapperPass
Transforms-Scalar-LoopUnrollAndJamPass ScalarEvolutionWrapperPass
Transforms-Scalar-LoopUnrollAndJamPass TargetTransformInfoWrapperPass
Transforms-Scalar-LoopUnrollAndJamPass AssumptionCacheTracker
Transforms-Scalar-LoopUnrollAndJamPass DependenceAnalysisWrapperPass
Transforms-Scalar-LoopUnrollAndJamPass OptimizationRemarkEmitterWrapperPass
Transforms-Scalar-Reg2Mem BreakCriticalEdges
Transforms-Scalar-GVN AssumptionCacheTracker
Transforms-Scalar-GVN MemoryDependenceWrapperPass
Transforms-Scalar-GVN DominatorTreeWrapperPass
Transforms-Scalar-GVN TargetLibraryInfoWrapperPass
Transforms-Scalar-GVN AAResultsWrapperPass
Transforms-Scalar-GVN GlobalsAAWrapperPass
Transforms-Scalar-GVN OptimizationRemarkEmitterWrapperPass
Transforms-Scalar-LoopPredication BranchProbabilityInfoWrapperPass
Transforms-Scalar-LoopPredication LoopPass
Transforms-Scalar-LoopLoadElimination LoopInfoWrapperPass
Transforms-Scalar-LoopLoadElimination LoopAccessLegacyAnalysis
Transforms-Scalar-LoopLoadElimination DominatorTreeWrapperPass
Transforms-Scalar-LoopLoadElimination ScalarEvolutionWrapperPass
Transforms-Scalar-LoopLoadElimination LoopSimplify
Transforms-Scalar-LoopLoadElimination ProfileSummaryInfoWrapperPass
Transforms-Scalar-LoopLoadElimination LazyBlockFrequencyInfoPass
Transforms-Scalar-GVNHoist MemoryDependenceWrapperPass
Transforms-Scalar-GVNHoist MemorySSAWrapperPass
Transforms-Scalar-GVNHoist DominatorTreeWrapperPass
Transforms-Scalar-GVNHoist PostDominatorTreeWrapperPass
Transforms-Scalar-GVNHoist AAResultsWrapperPass
Transforms-Scalar-LoopUnrollPass AssumptionCacheTracker
Transforms-Scalar-LoopUnrollPass LoopPass
Transforms-Scalar-LoopUnrollPass TargetTransformInfoWrapperPass
Transforms-Scalar-LoopInstSimplify AssumptionCacheTracker
Transforms-Scalar-LoopInstSimplify LoopPass
Transforms-Scalar-LoopInstSimplify MemorySSAWrapperPass
Transforms-Scalar-LoopInstSimplify TargetLibraryInfoWrapperPass
Transforms-Scalar-LoopVersioningLICM AAResultsWrapperPass
Transforms-Scalar-LoopVersioningLICM DominatorTreeWrapperPass
Transforms-Scalar-LoopVersioningLICM GlobalsAAWrapperPass
Transforms-Scalar-LoopVersioningLICM LCSSAWrapperPass
Transforms-Scalar-LoopVersioningLICM LoopAccessLegacyAnalysis
Transforms-Scalar-LoopVersioningLICM LoopInfoWrapperPass
Transforms-Scalar-LoopVersioningLICM LoopSimplify
Transforms-Scalar-LoopVersioningLICM ScalarEvolutionWrapperPass
Transforms-Scalar-LoopVersioningLICM OptimizationRemarkEmitterWrapperPass
Transforms-Scalar-NewGVN AssumptionCacheTracker
Transforms-Scalar-NewGVN MemorySSAWrapperPass
Transforms-Scalar-NewGVN DominatorTreeWrapperPass
Transforms-Scalar-NewGVN TargetLibraryInfoWrapperPass
Transforms-Scalar-NewGVN AAResultsWrapperPass
Transforms-Scalar-NewGVN GlobalsAAWrapperPass
Transforms-Scalar-BDCE DemandedBitsWrapperPass
Transforms-Scalar-LoopRotation AssumptionCacheTracker
Transforms-Scalar-LoopRotation LoopPass
Transforms-Scalar-LoopRotation TargetTransformInfoWrapperPass
Transforms-Scalar-LoopRotation MemorySSAWrapperPass
Transforms-Scalar-TailRecursionElimination TargetTransformInfoWrapperPass
Transforms-Scalar-TailRecursionElimination OptimizationRemarkEmitterWrapperPass
Transforms-Scalar-LoopDeletion LoopPass
Transforms-Scalar-LoopRerollPass LoopPass
Transforms-Scalar-LoopRerollPass TargetLibraryInfoWrapperPass
Transforms-Scalar-MergeICmps TargetLibraryInfoWrapperPass
Transforms-Scalar-MergeICmps TargetTransformInfoWrapperPass
Transforms-Scalar-MergeICmps AAResultsWrapperPass
Transforms-Scalar-IndVarSimplify LoopPass
Transforms-Scalar-LoopFuse PostDominatorTreeWrapperPass
Transforms-Scalar-LoopFuse ScalarEvolutionWrapperPass
Transforms-Scalar-LoopFuse DominatorTreeWrapperPass
Transforms-Scalar-LoopFuse DependenceAnalysisWrapperPass
Transforms-Scalar-LoopFuse LoopInfoWrapperPass
Transforms-Scalar-LoopFuse OptimizationRemarkEmitterWrapperPass
Transforms-Scalar-LoopFuse AssumptionCacheTracker
Transforms-Scalar-LoopFuse TargetTransformInfoWrapperPass
Transforms-Scalar-EarlyCSE TargetTransformInfoWrapperPass
Transforms-Scalar-EarlyCSE AssumptionCacheTracker
Transforms-Scalar-EarlyCSE DominatorTreeWrapperPass
Transforms-Scalar-EarlyCSE TargetLibraryInfoWrapperPass
Transforms-Scalar-EarlyCSE TargetTransformInfoWrapperPass
Transforms-Scalar-EarlyCSE AssumptionCacheTracker
Transforms-Scalar-EarlyCSE AAResultsWrapperPass
Transforms-Scalar-EarlyCSE DominatorTreeWrapperPass
Transforms-Scalar-EarlyCSE TargetLibraryInfoWrapperPass
Transforms-Scalar-EarlyCSE MemorySSAWrapperPass
Transforms-Scalar-RewriteStatepointsForGC DominatorTreeWrapperPass
Transforms-Scalar-RewriteStatepointsForGC TargetTransformInfoWrapperPass
Transforms-Scalar-FlattenCFGPass AAResultsWrapperPass
Transforms-Scalar-LoopFlatten TargetTransformInfoWrapperPass
Transforms-Scalar-LoopFlatten AssumptionCacheTracker
Transforms-Scalar-MemCpyOptimizer AssumptionCacheTracker
Transforms-Scalar-MemCpyOptimizer DominatorTreeWrapperPass
Transforms-Scalar-MemCpyOptimizer TargetLibraryInfoWrapperPass
Transforms-Scalar-MemCpyOptimizer AAResultsWrapperPass
Transforms-Scalar-MemCpyOptimizer GlobalsAAWrapperPass
Transforms-Scalar-MemCpyOptimizer MemorySSAWrapperPass
Transforms-Scalar-SpeculativeExecution TargetTransformInfoWrapperPass
Transforms-Scalar-ADCE PostDominatorTreeWrapperPass
Transforms-Scalar-TLSVariableHoist DominatorTreeWrapperPass
Transforms-Scalar-TLSVariableHoist LoopInfoWrapperPass
Transforms-Scalar-DeadStoreElimination DominatorTreeWrapperPass
Transforms-Scalar-DeadStoreElimination PostDominatorTreeWrapperPass
Transforms-Scalar-DeadStoreElimination AAResultsWrapperPass
Transforms-Scalar-DeadStoreElimination GlobalsAAWrapperPass
Transforms-Scalar-DeadStoreElimination MemorySSAWrapperPass
Transforms-Scalar-DeadStoreElimination MemoryDependenceWrapperPass
Transforms-Scalar-DeadStoreElimination TargetLibraryInfoWrapperPass
Transforms-Scalar-DeadStoreElimination LoopInfoWrapperPass
Transforms-Scalar-DeadStoreElimination AssumptionCacheTracker
Transforms-Scalar-InductiveRangeCheckElimination BranchProbabilityInfoWrapperPass
Transforms-Scalar-InductiveRangeCheckElimination DominatorTreeWrapperPass
Transforms-Scalar-InductiveRangeCheckElimination LoopInfoWrapperPass
Transforms-Scalar-InductiveRangeCheckElimination ScalarEvolutionWrapperPass
Transforms-Scalar-LowerMatrixIntrinsics OptimizationRemarkEmitterWrapperPass
Transforms-Scalar-LowerMatrixIntrinsics AAResultsWrapperPass
Transforms-Scalar-LowerMatrixIntrinsics DominatorTreeWrapperPass
Transforms-Scalar-LowerMatrixIntrinsics LoopInfoWrapperPass
Transforms-Scalar-InstSimplifyPass AssumptionCacheTracker
Transforms-Scalar-InstSimplifyPass DominatorTreeWrapperPass
Transforms-Scalar-InstSimplifyPass TargetLibraryInfoWrapperPass
Transforms-Scalar-InstSimplifyPass OptimizationRemarkEmitterWrapperPass
Transforms-Scalar-MergedLoadStoreMotion AAResultsWrapperPass
Transforms-Scalar-SROA AssumptionCacheTracker
Transforms-Scalar-SROA DominatorTreeWrapperPass
Transforms-Scalar-ScalarizeMaskedMemIntrin TargetTransformInfoWrapperPass
Transforms-Scalar-ScalarizeMaskedMemIntrin DominatorTreeWrapperPass
Transforms-Scalar-WarnMissedTransforms LoopInfoWrapperPass
Transforms-Scalar-WarnMissedTransforms OptimizationRemarkEmitterWrapperPass
Transforms-Scalar-AlignmentFromAssumptions AssumptionCacheTracker
Transforms-Scalar-AlignmentFromAssumptions DominatorTreeWrapperPass
Transforms-Scalar-AlignmentFromAssumptions ScalarEvolutionWrapperPass
Transforms-Scalar-GVNSink DominatorTreeWrapperPass
Transforms-Scalar-GVNSink PostDominatorTreeWrapperPass
Transforms-Scalar-PartiallyInlineLibCalls TargetLibraryInfoWrapperPass
Transforms-Scalar-PartiallyInlineLibCalls DominatorTreeWrapperPass
Transforms-Scalar-PartiallyInlineLibCalls TargetTransformInfoWrapperPass
Transforms-Scalar-JumpThreading DominatorTreeWrapperPass
Transforms-Scalar-JumpThreading LazyValueInfoWrapperPass
Transforms-Scalar-JumpThreading TargetLibraryInfoWrapperPass
Transforms-Scalar-JumpThreading AAResultsWrapperPass
Transforms-Scalar-Sink LoopInfoWrapperPass
Transforms-Scalar-Sink DominatorTreeWrapperPass
Transforms-Scalar-Sink AAResultsWrapperPass
Transforms-Scalar-PlaceSafepoints ScalarEvolutionWrapperPass
Transforms-Scalar-PlaceSafepoints DominatorTreeWrapperPass
Transforms-Scalar-PlaceSafepoints LoopInfoWrapperPass
Transforms-Scalar-LoopDataPrefetch AssumptionCacheTracker
Transforms-Scalar-LoopDataPrefetch TargetTransformInfoWrapperPass
Transforms-Scalar-LoopDataPrefetch LoopInfoWrapperPass
Transforms-Scalar-LoopDataPrefetch LoopSimplify
Transforms-Scalar-LoopDataPrefetch OptimizationRemarkEmitterWrapperPass
Transforms-Scalar-LoopDataPrefetch ScalarEvolutionWrapperPass
Transforms-Scalar-LoopDistribute LoopInfoWrapperPass
Transforms-Scalar-LoopDistribute LoopAccessLegacyAnalysis
Transforms-Scalar-LoopDistribute DominatorTreeWrapperPass
Transforms-Scalar-LoopDistribute ScalarEvolutionWrapperPass
Transforms-Scalar-LoopDistribute OptimizationRemarkEmitterWrapperPass
Transforms-Scalar-LoopSink LoopPass
Transforms-Scalar-LoopSink BlockFrequencyInfoWrapperPass
Transforms-Scalar-LoopSink MemorySSAWrapperPass
Transforms-Vectorize-LoadStoreVectorizer SCEVAAWrapperPass
Transforms-Vectorize-LoadStoreVectorizer AssumptionCacheTracker;
Transforms-Vectorize-LoadStoreVectorizer DominatorTreeWrapperPass
Transforms-Vectorize-LoadStoreVectorizer AAResultsWrapperPass
Transforms-Vectorize-LoadStoreVectorizer GlobalsAAWrapperPass
Transforms-Vectorize-LoadStoreVectorizer TargetTransformInfoWrapperPass
Transforms-Vectorize-VectorCombine AssumptionCacheTracker
Transforms-Vectorize-VectorCombine DominatorTreeWrapperPass
Transforms-Vectorize-LoopVectorize TargetTransformInfoWrapperPass
Transforms-Vectorize-LoopVectorize BasicAAWrapperPass
Transforms-Vectorize-LoopVectorize GlobalsAAWrapperPass
Transforms-Vectorize-LoopVectorize AssumptionCacheTracker
Transforms-Vectorize-LoopVectorize BlockFrequencyInfoWrapperPass
Transforms-Vectorize-LoopVectorize DominatorTreeWrapperPass
Transforms-Vectorize-LoopVectorize ScalarEvolutionWrapperPass
Transforms-Vectorize-LoopVectorize LoopInfoWrapperPass
Transforms-Vectorize-LoopVectorize LoopAccessLegacyAnalysis
Transforms-Vectorize-LoopVectorize DemandedBitsWrapperPass
Transforms-Vectorize-LoopVectorize OptimizationRemarkEmitterWrapperPass
Transforms-Vectorize-LoopVectorize ProfileSummaryInfoWrapperPass
Transforms-Vectorize-LoopVectorize InjectTLIMappingsLegacy
Transforms-Vectorize-SLPVectorizer AAResultsWrapperPass
Transforms-Vectorize-SLPVectorizer TargetTransformInfoWrapperPass
Transforms-Vectorize-SLPVectorizer AssumptionCacheTracker
Transforms-Vectorize-SLPVectorizer ScalarEvolutionWrapperPass
Transforms-Vectorize-SLPVectorizer LoopSimplify
Transforms-Vectorize-SLPVectorizer DemandedBitsWrapperPass
Transforms-Vectorize-SLPVectorizer OptimizationRemarkEmitterWrapperPass
Transforms-Vectorize-SLPVectorizer InjectTLIMappingsLegacy
Transforms-IPO-HotColdSplitting ProfileSummaryInfoWrapperPass
Transforms-IPO-HotColdSplitting BlockFrequencyInfoWrapperPass
Transforms-IPO-InlineSimple AssumptionCacheTracker
Transforms-IPO-InlineSimple CallGraphWrapperPass
Transforms-IPO-InlineSimple ProfileSummaryInfoWrapperPass
Transforms-IPO-InlineSimple TargetTransformInfoWrapperPass
Transforms-IPO-InlineSimple TargetLibraryInfoWrapperPass
Transforms-IPO-Attributor TargetLibraryInfoWrapperPass
Transforms-IPO-Attributor TargetLibraryInfoWrapperPass
Transforms-IPO-Attributor CallGraphWrapperPass
Transforms-IPO-SCCP AssumptionCacheTracker
Transforms-IPO-SCCP DominatorTreeWrapperPass
Transforms-IPO-SCCP TargetLibraryInfoWrapperPass
Transforms-IPO-PartialInlining AssumptionCacheTracker
Transforms-IPO-PartialInlining ProfileSummaryInfoWrapperPass
Transforms-IPO-PartialInlining TargetTransformInfoWrapperPass
Transforms-IPO-PartialInlining TargetLibraryInfoWrapperPass
Transforms-IPO-GlobalOpt TargetLibraryInfoWrapperPass
Transforms-IPO-GlobalOpt TargetTransformInfoWrapperPass
Transforms-IPO-GlobalOpt BlockFrequencyInfoWrapperPass
Transforms-IPO-GlobalOpt DominatorTreeWrapperPass
Transforms-IPO-AlwaysInliner AssumptionCacheTracker
Transforms-IPO-AlwaysInliner CallGraphWrapperPass
Transforms-IPO-AlwaysInliner ProfileSummaryInfoWrapperPass
Transforms-IPO-AlwaysInliner TargetLibraryInfoWrapperPass
Transforms-IPO-InferFunctionAttrs TargetLibraryInfoWrapperPass
Transforms-IPO-LoopExtractor BreakCriticalEdges
Transforms-IPO-LoopExtractor DominatorTreeWrapperPass
Transforms-IPO-LoopExtractor LoopInfoWrapperPass
Transforms-IPO-LoopExtractor LoopSimplify
Transforms-IPO-IROutliner IRSimilarityIdentifierWrapperPass
Transforms-IPO-IROutliner OptimizationRemarkEmitterWrapperPass
Transforms-IPO-IROutliner TargetTransformInfoWrapperPass
Transforms-IPO-FunctionAttrs AAResultsWrapperPass
Transforms-IPO-FunctionAttrs AssumptionCacheTracker
Transforms-IPO-FunctionAttrs CallGraphWrapperPass
Transforms-IPO-FunctionAttrs CallGraphWrapperPass
Transforms-Utils-AssumeBundleBuilder AssumptionCacheTracker
Transforms-Utils-AssumeBundleBuilder AssumptionCacheTracker
Transforms-Utils-PredicateInfo DominatorTreeWrapperPass
Transforms-Utils-PredicateInfo AssumptionCacheTracker
Transforms-Utils-LowerSwitch AssumptionCacheTracker
Transforms-Utils-LowerSwitch LazyValueInfoWrapperPass
Transforms-Utils-LoopSimplify AssumptionCacheTracker
Transforms-Utils-LoopSimplify DominatorTreeWrapperPass
Transforms-Utils-LoopSimplify LoopInfoWrapperPass
Transforms-Utils-InjectTLIMappings TargetLibraryInfoWrapperPass
Transforms-Utils-Mem2Reg AssumptionCacheTracker
Transforms-Utils-Mem2Reg DominatorTreeWrapperPass
Transforms-Utils-LibCallsShrinkWrap TargetLibraryInfoWrapperPass
Transforms-Utils-UnifyLoopExits LowerSwitchLegacyPass
Transforms-Utils-UnifyLoopExits DominatorTreeWrapperPass
Transforms-Utils-UnifyLoopExits LoopInfoWrapperPass
Transforms-Utils-LoopUtils DominatorTreeWrapperPass
Transforms-Utils-LoopUtils LoopInfoWrapperPass
Transforms-Utils-LoopUtils LoopSimplify
Transforms-Utils-LoopUtils LCSSAWrapperPass
Transforms-Utils-LoopUtils AAResultsWrapperPass
Transforms-Utils-LoopUtils BasicAAWrapperPass
Transforms-Utils-LoopUtils GlobalsAAWrapperPass
Transforms-Utils-LoopUtils SCEVAAWrapperPass
Transforms-Utils-LoopUtils ScalarEvolutionWrapperPass
Transforms-Utils-LoopUtils MemorySSAWrapperPass
Transforms-Utils-LCSSA DominatorTreeWrapperPass
Transforms-Utils-LCSSA LoopInfoWrapperPass
Transforms-Utils-LCSSA LCSSAVerificationPass
Transforms-Utils-LoopVersioning LoopInfoWrapperPass
Transforms-Utils-LoopVersioning LoopAccessLegacyAnalysis
Transforms-Utils-LoopVersioning DominatorTreeWrapperPass
Transforms-Utils-LoopVersioning ScalarEvolutionWrapperPass
Transforms-Utils-CanonicalizeFreezeInLoops DominatorTreeWrapperPass
Transforms-Utils-CanonicalizeFreezeInLoops ScalarEvolutionWrapperPass
Transforms-Utils-CanonicalizeFreezeInLoops LoopSimplify
Transforms-Utils-FixIrreducible LowerSwitchLegacyPass
Transforms-Utils-FixIrreducible DominatorTreeWrapperPass
Transforms-Utils-FixIrreducible LoopInfoWrapperPass
Transforms-Utils-MetaRenamer TargetLibraryInfoWrapperPass
Target-X86-X86PreTileConfig MachineLoopInfo
Target-X86-X86LowerAMXIntrinsics TargetPassConfig
Target-X86-X86TargetMachine ReachingDefAnalysis
Target-X86-X86CmovConversion MachineLoopInfo
Target-X86-X86TileConfig VirtRegMap
Target-X86-X86PreAMXConfig TargetPassConfig
Target-X86-X86FloatingPoint EdgeBundles
Target-X86-X86LoadValueInjectionLoadHardening MachineLoopInfo
Target-X86-X86LoadValueInjectionLoadHardening MachineDominatorTree
Target-X86-X86LoadValueInjectionLoadHardening MachineDominanceFrontier
Target-X86-X86LowerAMXType TargetPassConfig
Target-X86-X86LowerAMXType TargetLibraryInfoWrapperPass
Target-X86-X86AvoidStoreForwardingBlocks AAResultsWrapperPass
Target-PowerPC-PPCReduceCRLogicals MachineDominatorTree
Target-PowerPC-PPCTLSDynamicCall LiveIntervals
Target-PowerPC-PPCTLSDynamicCall SlotIndexes
Target-PowerPC-PPCCTRLoops MachineLoopInfo
Target-PowerPC-PPCBranchCoalescing MachineDominatorTree
Target-PowerPC-PPCBranchCoalescing MachinePostDominatorTree
Target-PowerPC-PPCLoopInstrFormPrep LoopInfoWrapperPass
Target-PowerPC-PPCLoopInstrFormPrep ScalarEvolutionWrapperPass
Target-PowerPC-PPCMIPeephole MachineBlockFrequencyInfo
Target-PowerPC-PPCMIPeephole MachineDominatorTree
Target-PowerPC-PPCMIPeephole MachinePostDominatorTree
Target-PowerPC-PPCCTRLoopsVerify MachineDominatorTree
Target-PowerPC-PPCVSXFMAMutate LiveIntervals
Target-PowerPC-PPCVSXFMAMutate SlotIndexes
Target-PowerPC-PPCVSXFMAMutate MachineDominatorTree
Target-DirectX-DXILPrettyPrinter DXILResourceWrapper
Target-DirectX-DXContainerGlobals ShaderFlagsAnalysisWrapper
Target-DirectX-DXILWriter-DXILWriterPass ModuleSummaryIndexWrapperPass
Target-DirectX-DXILTranslateMetadata DXILResourceWrapper
Target-DirectX-DXILTranslateMetadata ShaderFlagsAnalysisWrapper
Target-RISCV-RISCVCodeGenPrepare TargetPassConfig
Target-AArch64-GISel-AArch64PostLegalizerLowering TargetPassConfig
Target-AArch64-GISel-AArch64O0PreLegalizerCombiner TargetPassConfig
Target-AArch64-GISel-AArch64O0PreLegalizerCombiner GISelKnownBitsAnalysis
Target-AArch64-GISel-AArch64O0PreLegalizerCombiner GISelCSEAnalysisWrapperPass
Target-AArch64-GISel-AArch64PreLegalizerCombiner TargetPassConfig
Target-AArch64-GISel-AArch64PreLegalizerCombiner GISelKnownBitsAnalysis
Target-AArch64-GISel-AArch64PreLegalizerCombiner GISelCSEAnalysisWrapperPass
Target-AArch64-GISel-AArch64PostLegalizerCombiner TargetPassConfig
Target-AArch64-GISel-AArch64PostLegalizerCombiner GISelKnownBitsAnalysis
Target-AArch64-SVEIntrinsicOpts DominatorTreeWrapperPass;
Target-AArch64-AArch64PromoteConstant DominatorTreeWrapperPass
Target-AArch64-AArch64StackTagging AAResultsWrapperPass
Target-AArch64-AArch64StackTagging StackSafetyGlobalInfoWrapperPass
Target-AArch64-AArch64ConditionOptimizer MachineDominatorTree
Target-AArch64-AArch64FalkorHWPFFix TargetPassConfig
Target-AArch64-AArch64FalkorHWPFFix LoopInfoWrapperPass
Target-AArch64-AArch64FalkorHWPFFix ScalarEvolutionWrapperPass
Target-AArch64-AArch64FalkorHWPFFix MachineLoopInfo
Target-AArch64-AArch64ConditionalCompares MachineBranchProbabilityInfo
Target-AArch64-AArch64ConditionalCompares MachineDominatorTree
Target-AArch64-AArch64ConditionalCompares MachineTraceMetrics
Target-ARC-ARCOptAddrMode MachineDominatorTree
Target-ARC-ARCBranchFinalize MachineDominatorTree
Target-ARM-MVETPAndVPTOptimisationsPass MachineLoopInfo
Target-ARM-MVETPAndVPTOptimisationsPass MachineDominatorTree
Target-ARM-ARMTargetMachine ReachingDefAnalysis
Target-ARM-ARMFixCortexA57AES1742098Pass ReachingDefAnalysis;
Target-ARM-ARMLoadStoreOptimizer MachineDominatorTree
Target-Mips-MipsPostLegalizerCombiner TargetPassConfig
Target-Mips-MipsPostLegalizerCombiner GISelKnownBitsAnalysis
Target-Mips-MipsPreLegalizerCombiner TargetPassConfig
Target-AMDGPU-AMDGPUUnifyDivergentExitNodes DominatorTreeWrapperPass
Target-AMDGPU-AMDGPUUnifyDivergentExitNodes PostDominatorTreeWrapperPass
Target-AMDGPU-AMDGPUUnifyDivergentExitNodes LegacyDivergenceAnalysis
Target-AMDGPU-SIPreAllocateWWMRegs LiveIntervals
Target-AMDGPU-SIPreAllocateWWMRegs VirtRegMap
Target-AMDGPU-SIPreAllocateWWMRegs LiveRegMatrix
Target-AMDGPU-AMDGPUPromoteAlloca AMDGPULowerModuleLDS
Target-AMDGPU-AMDGPUPreLegalizerCombiner TargetPassConfig
Target-AMDGPU-AMDGPUPreLegalizerCombiner GISelKnownBitsAnalysis
Target-AMDGPU-SIFormMemoryClauses LiveIntervals
Target-AMDGPU-AMDGPUPostLegalizerCombiner TargetPassConfig
Target-AMDGPU-AMDGPUPostLegalizerCombiner GISelKnownBitsAnalysis
Target-AMDGPU-SIOptimizeVGPRLiveRange MachineDominatorTree
Target-AMDGPU-SIOptimizeVGPRLiveRange MachineLoopInfo
Target-AMDGPU-SIOptimizeVGPRLiveRange LiveVariables
Target-AMDGPU-SIAnnotateControlFlow DominatorTreeWrapperPass
Target-AMDGPU-SIAnnotateControlFlow LegacyDivergenceAnalysis
Target-AMDGPU-SIAnnotateControlFlow TargetPassConfig
Target-AMDGPU-AMDGPUPrintfRuntimeBinding TargetLibraryInfoWrapperPass
Target-AMDGPU-AMDGPUPrintfRuntimeBinding DominatorTreeWrapperPass
Target-AMDGPU-AMDGPURewriteOutArguments MemoryDependenceWrapperPass
Target-AMDGPU-R600MachineCFGStructurizer MachineDominatorTree
Target-AMDGPU-R600MachineCFGStructurizer MachinePostDominatorTree
Target-AMDGPU-R600MachineCFGStructurizer MachineLoopInfo
Target-AMDGPU-SIWholeQuadMode LiveIntervals
Target-AMDGPU-SIWholeQuadMode MachineDominatorTree
Target-AMDGPU-SIWholeQuadMode MachinePostDominatorTree
Target-AMDGPU-AMDGPUAttributor CycleInfoWrapperPass;
Target-AMDGPU-SILowerSGPRSpills LiveIntervals
Target-AMDGPU-SILowerSGPRSpills VirtRegMap
Target-AMDGPU-AMDGPUAnnotateUniformValues LegacyDivergenceAnalysis
Target-AMDGPU-AMDGPUAnnotateUniformValues MemorySSAWrapperPass
Target-AMDGPU-AMDGPUAnnotateUniformValues AAResultsWrapperPass
Target-AMDGPU-SILateBranchLowering MachineDominatorTree
Target-AMDGPU-AMDGPUPromoteKernelArguments AAResultsWrapperPass
Target-AMDGPU-AMDGPUPromoteKernelArguments MemorySSAWrapperPass
Target-AMDGPU-AMDGPUAtomicOptimizer LegacyDivergenceAnalysis
Target-AMDGPU-AMDGPUAtomicOptimizer TargetPassConfig
Target-AMDGPU-SIOptimizeExecMasking LiveIntervals
Target-AMDGPU-GCNPreRAOptimizations LiveIntervals
Target-AMDGPU-AMDGPULibCalls AAResultsWrapperPass
Target-AMDGPU-SIOptimizeExecMaskingPreRA LiveIntervals
Target-AMDGPU-AMDGPURegBankCombiner TargetPassConfig
Target-AMDGPU-AMDGPURegBankCombiner GISelKnownBitsAnalysis
Target-AMDGPU-AMDGPURewriteUndefForPHI LegacyDivergenceAnalysis
Target-AMDGPU-AMDGPURewriteUndefForPHI DominatorTreeWrapperPass
Target-AMDGPU-GCNNSAReassign LiveIntervals
Target-AMDGPU-GCNNSAReassign VirtRegMap
Target-AMDGPU-GCNNSAReassign LiveRegMatrix
Target-AMDGPU-SIInsertWaitcnts MachineLoopInfo
Target-AMDGPU-SIInsertWaitcnts MachinePostDominatorTree
Target-AMDGPU-AMDGPUCodeGenPrepare AssumptionCacheTracker
Target-AMDGPU-AMDGPUCodeGenPrepare LegacyDivergenceAnalysis
Target-AMDGPU-AMDGPUISelDAGToDAG AMDGPUArgumentUsageInfo
Target-AMDGPU-AMDGPUISelDAGToDAG AMDGPUPerfHintAnalysis
Target-AMDGPU-AMDGPUISelDAGToDAG LegacyDivergenceAnalysis
Target-AMDGPU-AMDGPUISelDAGToDAG DominatorTreeWrapperPass
Target-AMDGPU-AMDGPUISelDAGToDAG LoopInfoWrapperPass
Target-AMDGPU-AMDGPULateCodeGenPrepare AssumptionCacheTracker
Target-AMDGPU-AMDGPULateCodeGenPrepare LegacyDivergenceAnalysis
Target-AMDGPU-AMDGPUMachineCFGStructurizer MachineRegionInfoPass
Target-AMDGPU-SILoadStoreOptimizer AAResultsWrapperPass
Target-AMDGPU-AMDGPUReplaceLDSUseWithPointer TargetPassConfig
Target-AMDGPU-SILowerI1Copies MachineDominatorTree
Target-AMDGPU-SILowerI1Copies MachinePostDominatorTree
Target-AMDGPU-SIFixSGPRCopies MachineDominatorTree
Target-WebAssembly-WebAssemblyExceptionInfo MachineDominatorTree
Target-WebAssembly-WebAssemblyExceptionInfo MachineDominanceFrontier
Target-Hexagon-HexagonVectorCombine AAResultsWrapperPass
Target-Hexagon-HexagonVectorCombine AssumptionCacheTracker
Target-Hexagon-HexagonVectorCombine DominatorTreeWrapperPass
Target-Hexagon-HexagonVectorCombine TargetLibraryInfoWrapperPass
Target-Hexagon-HexagonVectorCombine TargetPassConfig
Target-Hexagon-HexagonVLIWPacketizer MachineDominatorTree
Target-Hexagon-HexagonVLIWPacketizer MachineBranchProbabilityInfo
Target-Hexagon-HexagonVLIWPacketizer MachineLoopInfo
Target-Hexagon-HexagonVLIWPacketizer AAResultsWrapperPass
Target-Hexagon-HexagonGenPredicate MachineDominatorTree
Target-Hexagon-HexagonCommonGEP DominatorTreeWrapperPass
Target-Hexagon-HexagonCommonGEP PostDominatorTreeWrapperPass
Target-Hexagon-HexagonCommonGEP LoopInfoWrapperPass
Target-Hexagon-HexagonGenExtract DominatorTreeWrapperPass
Target-Hexagon-HexagonHardwareLoops MachineDominatorTree
Target-Hexagon-HexagonHardwareLoops MachineLoopInfo
Target-Hexagon-HexagonBitSimplify MachineDominatorTree
Target-Hexagon-HexagonRDFOpt MachineDominatorTree
Target-Hexagon-HexagonRDFOpt MachineDominanceFrontier
Target-Hexagon-HexagonExpandCondsets MachineDominatorTree
Target-Hexagon-HexagonExpandCondsets SlotIndexes
Target-Hexagon-HexagonExpandCondsets LiveIntervals
Target-Hexagon-HexagonLoopIdiomRecognition LoopInfoWrapperPass
Target-Hexagon-HexagonLoopIdiomRecognition LoopSimplify
Target-Hexagon-HexagonLoopIdiomRecognition LCSSAWrapperPass
Target-Hexagon-HexagonLoopIdiomRecognition ScalarEvolutionWrapperPass
Target-Hexagon-HexagonLoopIdiomRecognition DominatorTreeWrapperPass
Target-Hexagon-HexagonLoopIdiomRecognition TargetLibraryInfoWrapperPass
Target-Hexagon-HexagonLoopIdiomRecognition AAResultsWrapperPass
Target-Hexagon-HexagonNewValueJump MachineBranchProbabilityInfo
Target-Hexagon-HexagonOptAddrMode MachineDominatorTree
Target-Hexagon-HexagonOptAddrMode MachineDominanceFrontier
Target-Hexagon-HexagonVectorLoopCarriedReuse LoopSimplify
Target-Hexagon-HexagonVectorLoopCarriedReuse LCSSAWrapperPass
Target-Hexagon-HexagonGenInsert MachineDominatorTree
Target-Hexagon-HexagonConstExtenders MachineDominatorTree
Target-Hexagon-HexagonStoreWidening AAResultsWrapperPass
Bitcode-Writer-BitcodeWriterPass ModuleSummaryIndexWrapperPass
