AAResultsWrapperPass: 25
AssumptionCacheTracker: 43
BasicAAWrapperPass: 3
BlockFrequencyInfoWrapperPass: 6
BranchProbabilityInfoWrapperPass: 3
BreakCriticalEdges: 2
CallGraphWrapperPass: 6
DemandedBitsWrapperPass: 3
DependenceAnalysisWrapperPass: 3
DominanceFrontierWrapperPass: 1
DominatorTreeWrapperPass: 74
ExternalAAWrapperPass: 1
GlobalsAAWrapperPass: 10
IRSimilarityIdentifierWrapperPass: 1
IVUsersWrapperPass: 1
ImmutableModuleSummaryIndexWrapperPass: 1
InjectTLIMappingsLegacy: 2
LCSSAVerificationPass: 1
LCSSAWrapperPass: 3
LazyBFIPass: 2
LazyBPIPass: 1
LazyBlockFrequencyInfoPass: 3
LazyBranchProbabilityInfoPass: 1
LazyValueInfoWrapperPass: 4
LegacyDivergenceAnalysis: 1
LoopAccessLegacyAnalysis: 5
LoopInfoWrapperPass: 40
LoopPass: 14
LoopSimplify: 9
LowerSwitchLegacyPass: 3
MemoryDependenceWrapperPass: 4
MemorySSAWrapperPass: 13
OptimizationRemarkEmitterWrapperPass: 16
PostDominatorTreeWrapperPass: 11
ProfileSummaryInfoWrapperPass: 10
RegionInfoPass: 1
SCEVAAWrapperPass: 3
ScalarEvolutionWrapperPass: 23
ScopedNoAliasAAWrapperPass: 1
StackSafetyInfoWrapperPass: 2
TargetLibraryInfoWrapperPass: 40
TargetTransformInfoWrapperPass: 35
TypeBasedAAWrapperPass: 1