OptimizationRemarkEmitterWrapperPass LazyBFIPass
OptimizationRemarkEmitterWrapperPass ProfileSummaryInfoWrapperPass
ScalarEvolutionWrapperPass AssumptionCacheTracker
ScalarEvolutionWrapperPass LoopInfoWrapperPass
ScalarEvolutionWrapperPass DominatorTreeWrapperPass
ScalarEvolutionWrapperPass TargetLibraryInfoWrapperPass
LoopInfoWrapperPass DominatorTreeWrapperPass
IVUsersWrapperPass AssumptionCacheTracker
IVUsersWrapperPass LoopInfoWrapperPass
IVUsersWrapperPass DominatorTreeWrapperPass
IVUsersWrapperPass ScalarEvolutionWrapperPass
MemorySSAWrapperPass DominatorTreeWrapperPass
MemorySSAWrapperPass AAResultsWrapperPass
MemorySSAPrinterLegacyPass MemorySSAWrapperPass
DemandedBitsWrapperPass AssumptionCacheTracker
DemandedBitsWrapperPass DominatorTreeWrapperPass
UniformityInfoWrapperPass DominatorTreeWrapperPass
UniformityInfoWrapperPass TargetTransformInfoWrapperPass
CallGraphPrinterLegacyPass CallGraphWrapperPass
LazyBlockFrequencyInfoPass LazyBPIPass
LazyBlockFrequencyInfoPass LoopInfoWrapperPass
LazyBlockFrequencyInfoPass LazyBlockFrequencyInfoPass
LazyBlockFrequencyInfoPass LoopInfoWrapperPass
StackSafetyInfoWrapperPass ScalarEvolutionWrapperPass
StackSafetyGlobalInfoWrapperPass StackSafetyInfoWrapperPass
StackSafetyGlobalInfoWrapperPass ImmutableModuleSummaryIndexWrapperPass
AAEvalLegacyPass AAResultsWrapperPass
DependenceAnalysisWrapperPass LoopInfoWrapperPass
DependenceAnalysisWrapperPass ScalarEvolutionWrapperPass
DependenceAnalysisWrapperPass AAResultsWrapperPass
LazyValueInfoWrapperPass AssumptionCacheTracker
LazyValueInfoWrapperPass TargetLibraryInfoWrapperPass
LazyValueInfoWrapperPass LazyValueInfoWrapperPass
Delinearization LoopInfoWrapperPass
LoopAccessLegacyAnalysis AAResultsWrapperPass
LoopAccessLegacyAnalysis ScalarEvolutionWrapperPass
LoopAccessLegacyAnalysis DominatorTreeWrapperPass
LoopAccessLegacyAnalysis LoopInfoWrapperPass
MemDepPrinter MemoryDependenceWrapperPass
MustExecutePrinter DominatorTreeWrapperPass
MustExecutePrinter LoopInfoWrapperPass
MustBeExecutedContextPrinter PostDominatorTreeWrapperPass
MustBeExecutedContextPrinter DominatorTreeWrapperPass
MustBeExecutedContextPrinter LoopInfoWrapperPass
DominanceFrontierWrapperPass DominatorTreeWrapperPass
LazyBranchProbabilityInfoPass LoopInfoWrapperPass
LazyBranchProbabilityInfoPass TargetLibraryInfoWrapperPass
LazyBranchProbabilityInfoPass LazyBranchProbabilityInfoPass
LazyBranchProbabilityInfoPass LoopInfoWrapperPass
LazyBranchProbabilityInfoPass TargetLibraryInfoWrapperPass
MemoryDependenceWrapperPass AssumptionCacheTracker
MemoryDependenceWrapperPass AAResultsWrapperPass
MemoryDependenceWrapperPass DominatorTreeWrapperPass
MemoryDependenceWrapperPass TargetLibraryInfoWrapperPass
LintLegacyPass AssumptionCacheTracker
LintLegacyPass TargetLibraryInfoWrapperPass
LintLegacyPass DominatorTreeWrapperPass
LintLegacyPass AAResultsWrapperPass
ModuleSummaryIndexWrapperPass BlockFrequencyInfoWrapperPass
ModuleSummaryIndexWrapperPass ProfileSummaryInfoWrapperPass
ModuleSummaryIndexWrapperPass StackSafetyInfoWrapperPass
LegacyDivergenceAnalysis DominatorTreeWrapperPass
LegacyDivergenceAnalysis PostDominatorTreeWrapperPass
LegacyDivergenceAnalysis LoopInfoWrapperPass
RegionInfoPass DominatorTreeWrapperPass
RegionInfoPass PostDominatorTreeWrapperPass
RegionInfoPass DominanceFrontierWrapperPass
AAResultsWrapperPass BasicAAWrapperPass
AAResultsWrapperPass ExternalAAWrapperPass
AAResultsWrapperPass GlobalsAAWrapperPass
AAResultsWrapperPass SCEVAAWrapperPass
AAResultsWrapperPass ScopedNoAliasAAWrapperPass
AAResultsWrapperPass TypeBasedAAWrapperPass
BasicAAWrapperPass AssumptionCacheTracker
BasicAAWrapperPass DominatorTreeWrapperPass
BasicAAWrapperPass TargetLibraryInfoWrapperPass
GlobalsAAWrapperPass CallGraphWrapperPass
GlobalsAAWrapperPass TargetLibraryInfoWrapperPass
BranchProbabilityInfoWrapperPass LoopInfoWrapperPass
BranchProbabilityInfoWrapperPass TargetLibraryInfoWrapperPass
BranchProbabilityInfoWrapperPass DominatorTreeWrapperPass
BranchProbabilityInfoWrapperPass PostDominatorTreeWrapperPass
BlockFrequencyInfoWrapperPass BranchProbabilityInfoWrapperPass
BlockFrequencyInfoWrapperPass LoopInfoWrapperPass
SCEVAAWrapperPass ScalarEvolutionWrapperPass
InstructionCombiningPass AssumptionCacheTracker
InstructionCombiningPass TargetLibraryInfoWrapperPass
InstructionCombiningPass TargetTransformInfoWrapperPass
InstructionCombiningPass DominatorTreeWrapperPass
InstructionCombiningPass AAResultsWrapperPass
InstructionCombiningPass GlobalsAAWrapperPass
InstructionCombiningPass OptimizationRemarkEmitterWrapperPass
InstructionCombiningPass LazyBlockFrequencyInfoPass
InstructionCombiningPass ProfileSummaryInfoWrapperPass
ObjCARCContractLegacyPass AAResultsWrapperPass
ObjCARCContractLegacyPass DominatorTreeWrapperPass
ScalarizerLegacyPass DominatorTreeWrapperPass
InferAddressSpaces AssumptionCacheTracker
InferAddressSpaces TargetTransformInfoWrapperPass
LegacyLICMPass LoopPass
LegacyLICMPass TargetLibraryInfoWrapperPass
LegacyLICMPass TargetTransformInfoWrapperPass
LegacyLICMPass MemorySSAWrapperPass
LegacyLICMPass LazyBFIPass
LoopSimplifyCFGLegacyPass LoopPass
LoopSimplifyCFGLegacyPass MemorySSAWrapperPass
DFAJumpThreadingLegacyPass AssumptionCacheTracker
DFAJumpThreadingLegacyPass DominatorTreeWrapperPass
DFAJumpThreadingLegacyPass TargetTransformInfoWrapperPass
DFAJumpThreadingLegacyPass OptimizationRemarkEmitterWrapperPass
CFGSimplifyPass TargetTransformInfoWrapperPass
CFGSimplifyPass AssumptionCacheTracker
CFGSimplifyPass DominatorTreeWrapperPass
LoopIdiomRecognizeLegacyPass LoopPass
LoopIdiomRecognizeLegacyPass TargetLibraryInfoWrapperPass
LoopIdiomRecognizeLegacyPass TargetTransformInfoWrapperPass
LoopInterchangeLegacyPass LoopPass
LoopInterchangeLegacyPass DependenceAnalysisWrapperPass
LoopInterchangeLegacyPass OptimizationRemarkEmitterWrapperPass
LowerConstantIntrinsics TargetLibraryInfoWrapperPass
LowerConstantIntrinsics DominatorTreeWrapperPass
NaryReassociateLegacyPass AssumptionCacheTracker
NaryReassociateLegacyPass DominatorTreeWrapperPass
NaryReassociateLegacyPass ScalarEvolutionWrapperPass
NaryReassociateLegacyPass TargetLibraryInfoWrapperPass
NaryReassociateLegacyPass TargetTransformInfoWrapperPass
StructurizeCFGLegacyPass LegacyDivergenceAnalysis
StructurizeCFGLegacyPass LowerSwitchLegacyPass
StructurizeCFGLegacyPass DominatorTreeWrapperPass
StructurizeCFGLegacyPass RegionInfoPass
CorrelatedValuePropagation DominatorTreeWrapperPass
CorrelatedValuePropagation LazyValueInfoWrapperPass
CallSiteSplittingLegacyPass TargetLibraryInfoWrapperPass
CallSiteSplittingLegacyPass TargetTransformInfoWrapperPass
CallSiteSplittingLegacyPass DominatorTreeWrapperPass
SeparateConstOffsetFromGEPLegacyPass DominatorTreeWrapperPass
SeparateConstOffsetFromGEPLegacyPass ScalarEvolutionWrapperPass
SeparateConstOffsetFromGEPLegacyPass TargetTransformInfoWrapperPass
SeparateConstOffsetFromGEPLegacyPass LoopInfoWrapperPass
SeparateConstOffsetFromGEPLegacyPass TargetLibraryInfoWrapperPass
ConstantHoistingLegacyPass BlockFrequencyInfoWrapperPass
ConstantHoistingLegacyPass DominatorTreeWrapperPass
ConstantHoistingLegacyPass ProfileSummaryInfoWrapperPass
ConstantHoistingLegacyPass TargetTransformInfoWrapperPass
LoopStrengthReduce TargetTransformInfoWrapperPass
LoopStrengthReduce DominatorTreeWrapperPass
LoopStrengthReduce ScalarEvolutionWrapperPass
LoopStrengthReduce IVUsersWrapperPass
LoopStrengthReduce LoopInfoWrapperPass
LoopStrengthReduce LoopSimplify
DivRemPairsLegacyPass DominatorTreeWrapperPass
SCCPLegacyPass TargetLibraryInfoWrapperPass
SimpleLoopUnswitchLegacyPass AssumptionCacheTracker
SimpleLoopUnswitchLegacyPass DominatorTreeWrapperPass
SimpleLoopUnswitchLegacyPass LoopInfoWrapperPass
SimpleLoopUnswitchLegacyPass LoopPass
SimpleLoopUnswitchLegacyPass MemorySSAWrapperPass
SimpleLoopUnswitchLegacyPass TargetTransformInfoWrapperPass
StraightLineStrengthReduceLegacyPass DominatorTreeWrapperPass
StraightLineStrengthReduceLegacyPass ScalarEvolutionWrapperPass
StraightLineStrengthReduceLegacyPass TargetTransformInfoWrapperPass
GuardWideningLegacyPass DominatorTreeWrapperPass
GuardWideningLegacyPass PostDominatorTreeWrapperPass
GuardWideningLegacyPass LoopInfoWrapperPass
LoopGuardWideningLegacyPass DominatorTreeWrapperPass
LoopGuardWideningLegacyPass PostDominatorTreeWrapperPass
LoopGuardWideningLegacyPass LoopInfoWrapperPass
LoopUnrollAndJam DominatorTreeWrapperPass
LoopUnrollAndJam LoopPass
LoopUnrollAndJam LoopInfoWrapperPass
LoopUnrollAndJam LoopSimplify
LoopUnrollAndJam LCSSAWrapperPass
LoopUnrollAndJam ScalarEvolutionWrapperPass
LoopUnrollAndJam TargetTransformInfoWrapperPass
LoopUnrollAndJam AssumptionCacheTracker
LoopUnrollAndJam DependenceAnalysisWrapperPass
LoopUnrollAndJam OptimizationRemarkEmitterWrapperPass
RegToMemLegacy BreakCriticalEdges
GVNLegacyPass AssumptionCacheTracker
GVNLegacyPass MemoryDependenceWrapperPass
GVNLegacyPass DominatorTreeWrapperPass
GVNLegacyPass TargetLibraryInfoWrapperPass
GVNLegacyPass AAResultsWrapperPass
GVNLegacyPass GlobalsAAWrapperPass
GVNLegacyPass OptimizationRemarkEmitterWrapperPass
LoopPredicationLegacyPass BranchProbabilityInfoWrapperPass
LoopPredicationLegacyPass LoopPass
LoopLoadElimination LoopInfoWrapperPass
LoopLoadElimination LoopAccessLegacyAnalysis
LoopLoadElimination DominatorTreeWrapperPass
LoopLoadElimination ScalarEvolutionWrapperPass
LoopLoadElimination LoopSimplify
LoopLoadElimination ProfileSummaryInfoWrapperPass
LoopLoadElimination LazyBlockFrequencyInfoPass
GVNHoistLegacyPass MemoryDependenceWrapperPass
GVNHoistLegacyPass MemorySSAWrapperPass
GVNHoistLegacyPass DominatorTreeWrapperPass
GVNHoistLegacyPass PostDominatorTreeWrapperPass
GVNHoistLegacyPass AAResultsWrapperPass
LoopUnroll AssumptionCacheTracker
LoopUnroll LoopPass
LoopUnroll TargetTransformInfoWrapperPass
LoopInstSimplifyLegacyPass AssumptionCacheTracker
LoopInstSimplifyLegacyPass LoopPass
LoopInstSimplifyLegacyPass MemorySSAWrapperPass
LoopInstSimplifyLegacyPass TargetLibraryInfoWrapperPass
LoopVersioningLICMLegacyPass AAResultsWrapperPass
LoopVersioningLICMLegacyPass DominatorTreeWrapperPass
LoopVersioningLICMLegacyPass GlobalsAAWrapperPass
LoopVersioningLICMLegacyPass LCSSAWrapperPass
LoopVersioningLICMLegacyPass LoopAccessLegacyAnalysis
LoopVersioningLICMLegacyPass LoopInfoWrapperPass
LoopVersioningLICMLegacyPass LoopSimplify
LoopVersioningLICMLegacyPass ScalarEvolutionWrapperPass
LoopVersioningLICMLegacyPass OptimizationRemarkEmitterWrapperPass
NewGVNLegacyPass AssumptionCacheTracker
NewGVNLegacyPass MemorySSAWrapperPass
NewGVNLegacyPass DominatorTreeWrapperPass
NewGVNLegacyPass TargetLibraryInfoWrapperPass
NewGVNLegacyPass AAResultsWrapperPass
NewGVNLegacyPass GlobalsAAWrapperPass
BDCELegacyPass DemandedBitsWrapperPass
LoopRotateLegacyPass AssumptionCacheTracker
LoopRotateLegacyPass LoopPass
LoopRotateLegacyPass TargetTransformInfoWrapperPass
LoopRotateLegacyPass MemorySSAWrapperPass
TailCallElim TargetTransformInfoWrapperPass
TailCallElim OptimizationRemarkEmitterWrapperPass
LoopDeletionLegacyPass LoopPass
LoopRerollLegacyPass LoopPass
LoopRerollLegacyPass TargetLibraryInfoWrapperPass
MergeICmpsLegacyPass TargetLibraryInfoWrapperPass
MergeICmpsLegacyPass TargetTransformInfoWrapperPass
MergeICmpsLegacyPass AAResultsWrapperPass
IndVarSimplifyLegacyPass LoopPass
LoopFuseLegacy PostDominatorTreeWrapperPass
LoopFuseLegacy ScalarEvolutionWrapperPass
LoopFuseLegacy DominatorTreeWrapperPass
LoopFuseLegacy DependenceAnalysisWrapperPass
LoopFuseLegacy LoopInfoWrapperPass
LoopFuseLegacy OptimizationRemarkEmitterWrapperPass
LoopFuseLegacy AssumptionCacheTracker
LoopFuseLegacy TargetTransformInfoWrapperPass
EarlyCSELegacyPass TargetTransformInfoWrapperPass
EarlyCSELegacyPass AssumptionCacheTracker
EarlyCSELegacyPass DominatorTreeWrapperPass
EarlyCSELegacyPass TargetLibraryInfoWrapperPass
EarlyCSEMemSSALegacyPass TargetTransformInfoWrapperPass
EarlyCSEMemSSALegacyPass AssumptionCacheTracker
EarlyCSEMemSSALegacyPass AAResultsWrapperPass
EarlyCSEMemSSALegacyPass DominatorTreeWrapperPass
EarlyCSEMemSSALegacyPass TargetLibraryInfoWrapperPass
EarlyCSEMemSSALegacyPass MemorySSAWrapperPass
RewriteStatepointsForGCLegacyPass DominatorTreeWrapperPass
RewriteStatepointsForGCLegacyPass TargetTransformInfoWrapperPass
FlattenCFGLegacyPass AAResultsWrapperPass
LoopFlattenLegacyPass TargetTransformInfoWrapperPass
LoopFlattenLegacyPass AssumptionCacheTracker
MemCpyOptLegacyPass AssumptionCacheTracker
MemCpyOptLegacyPass DominatorTreeWrapperPass
MemCpyOptLegacyPass TargetLibraryInfoWrapperPass
MemCpyOptLegacyPass AAResultsWrapperPass
MemCpyOptLegacyPass GlobalsAAWrapperPass
MemCpyOptLegacyPass MemorySSAWrapperPass
SpeculativeExecutionLegacyPass TargetTransformInfoWrapperPass
ADCELegacyPass PostDominatorTreeWrapperPass
TLSVariableHoistLegacyPass DominatorTreeWrapperPass
TLSVariableHoistLegacyPass LoopInfoWrapperPass
DSELegacyPass DominatorTreeWrapperPass
DSELegacyPass PostDominatorTreeWrapperPass
DSELegacyPass AAResultsWrapperPass
DSELegacyPass GlobalsAAWrapperPass
DSELegacyPass MemorySSAWrapperPass
DSELegacyPass MemoryDependenceWrapperPass
DSELegacyPass TargetLibraryInfoWrapperPass
DSELegacyPass LoopInfoWrapperPass
DSELegacyPass AssumptionCacheTracker
IRCELegacyPass BranchProbabilityInfoWrapperPass
IRCELegacyPass DominatorTreeWrapperPass
IRCELegacyPass LoopInfoWrapperPass
IRCELegacyPass ScalarEvolutionWrapperPass
LowerMatrixIntrinsicsLegacyPass OptimizationRemarkEmitterWrapperPass
LowerMatrixIntrinsicsLegacyPass AAResultsWrapperPass
LowerMatrixIntrinsicsLegacyPass DominatorTreeWrapperPass
LowerMatrixIntrinsicsLegacyPass LoopInfoWrapperPass
InstSimplifyLegacyPass AssumptionCacheTracker
InstSimplifyLegacyPass DominatorTreeWrapperPass
InstSimplifyLegacyPass TargetLibraryInfoWrapperPass
InstSimplifyLegacyPass OptimizationRemarkEmitterWrapperPass
MergedLoadStoreMotionLegacyPass AAResultsWrapperPass
SROALegacyPass AssumptionCacheTracker
SROALegacyPass DominatorTreeWrapperPass
ScalarizeMaskedMemIntrinLegacyPass TargetTransformInfoWrapperPass
ScalarizeMaskedMemIntrinLegacyPass DominatorTreeWrapperPass
WarnMissedTransformationsLegacy LoopInfoWrapperPass
WarnMissedTransformationsLegacy OptimizationRemarkEmitterWrapperPass
AlignmentFromAssumptions AssumptionCacheTracker
AlignmentFromAssumptions DominatorTreeWrapperPass
AlignmentFromAssumptions ScalarEvolutionWrapperPass
GVNSinkLegacyPass DominatorTreeWrapperPass
GVNSinkLegacyPass PostDominatorTreeWrapperPass
PartiallyInlineLibCallsLegacyPass TargetLibraryInfoWrapperPass
PartiallyInlineLibCallsLegacyPass DominatorTreeWrapperPass
PartiallyInlineLibCallsLegacyPass TargetTransformInfoWrapperPass
JumpThreading DominatorTreeWrapperPass
JumpThreading LazyValueInfoWrapperPass
JumpThreading TargetLibraryInfoWrapperPass
JumpThreading AAResultsWrapperPass
SinkingLegacyPass LoopInfoWrapperPass
SinkingLegacyPass DominatorTreeWrapperPass
SinkingLegacyPass AAResultsWrapperPass
PlaceBackedgeSafepointsImpl ScalarEvolutionWrapperPass
PlaceBackedgeSafepointsImpl DominatorTreeWrapperPass
PlaceBackedgeSafepointsImpl LoopInfoWrapperPass
LoopDataPrefetchLegacyPass AssumptionCacheTracker
LoopDataPrefetchLegacyPass TargetTransformInfoWrapperPass
LoopDataPrefetchLegacyPass LoopInfoWrapperPass
LoopDataPrefetchLegacyPass LoopSimplify
LoopDataPrefetchLegacyPass OptimizationRemarkEmitterWrapperPass
LoopDataPrefetchLegacyPass ScalarEvolutionWrapperPass
LoopDistributeLegacy LoopInfoWrapperPass
LoopDistributeLegacy LoopAccessLegacyAnalysis
LoopDistributeLegacy DominatorTreeWrapperPass
LoopDistributeLegacy ScalarEvolutionWrapperPass
LoopDistributeLegacy OptimizationRemarkEmitterWrapperPass
LegacyLoopSinkPass LoopPass
LegacyLoopSinkPass BlockFrequencyInfoWrapperPass
LegacyLoopSinkPass MemorySSAWrapperPass
LoadStoreVectorizerLegacyPass SCEVAAWrapperPass
LoadStoreVectorizerLegacyPass AssumptionCacheTracker
LoadStoreVectorizerLegacyPass DominatorTreeWrapperPass
LoadStoreVectorizerLegacyPass AAResultsWrapperPass
LoadStoreVectorizerLegacyPass GlobalsAAWrapperPass
LoadStoreVectorizerLegacyPass TargetTransformInfoWrapperPass
VectorCombineLegacyPass AssumptionCacheTracker
VectorCombineLegacyPass DominatorTreeWrapperPass
LoopVectorize TargetTransformInfoWrapperPass
LoopVectorize BasicAAWrapperPass
LoopVectorize GlobalsAAWrapperPass
LoopVectorize AssumptionCacheTracker
LoopVectorize BlockFrequencyInfoWrapperPass
LoopVectorize DominatorTreeWrapperPass
LoopVectorize ScalarEvolutionWrapperPass
LoopVectorize LoopInfoWrapperPass
LoopVectorize LoopAccessLegacyAnalysis
LoopVectorize DemandedBitsWrapperPass
LoopVectorize OptimizationRemarkEmitterWrapperPass
LoopVectorize ProfileSummaryInfoWrapperPass
LoopVectorize InjectTLIMappingsLegacy
SLPVectorizer AAResultsWrapperPass
SLPVectorizer TargetTransformInfoWrapperPass
SLPVectorizer AssumptionCacheTracker
SLPVectorizer ScalarEvolutionWrapperPass
SLPVectorizer LoopSimplify
SLPVectorizer DemandedBitsWrapperPass
SLPVectorizer OptimizationRemarkEmitterWrapperPass
SLPVectorizer InjectTLIMappingsLegacy
HotColdSplittingLegacyPass ProfileSummaryInfoWrapperPass
HotColdSplittingLegacyPass BlockFrequencyInfoWrapperPass
SimpleInliner AssumptionCacheTracker
SimpleInliner CallGraphWrapperPass
SimpleInliner ProfileSummaryInfoWrapperPass
SimpleInliner TargetTransformInfoWrapperPass
SimpleInliner TargetLibraryInfoWrapperPass
AttributorLegacyPass TargetLibraryInfoWrapperPass
AttributorCGSCCLegacyPass TargetLibraryInfoWrapperPass
AttributorCGSCCLegacyPass CallGraphWrapperPass
IPSCCPLegacyPass AssumptionCacheTracker
IPSCCPLegacyPass DominatorTreeWrapperPass
IPSCCPLegacyPass TargetLibraryInfoWrapperPass
PartialInlinerLegacyPass AssumptionCacheTracker
PartialInlinerLegacyPass ProfileSummaryInfoWrapperPass
PartialInlinerLegacyPass TargetTransformInfoWrapperPass
PartialInlinerLegacyPass TargetLibraryInfoWrapperPass
GlobalOptLegacyPass TargetLibraryInfoWrapperPass
GlobalOptLegacyPass TargetTransformInfoWrapperPass
GlobalOptLegacyPass BlockFrequencyInfoWrapperPass
GlobalOptLegacyPass DominatorTreeWrapperPass
AlwaysInlinerLegacyPass AssumptionCacheTracker
AlwaysInlinerLegacyPass CallGraphWrapperPass
AlwaysInlinerLegacyPass ProfileSummaryInfoWrapperPass
AlwaysInlinerLegacyPass TargetLibraryInfoWrapperPass
InferFunctionAttrsLegacyPass TargetLibraryInfoWrapperPass
LoopExtractorLegacyPass BreakCriticalEdges
LoopExtractorLegacyPass DominatorTreeWrapperPass
LoopExtractorLegacyPass LoopInfoWrapperPass
LoopExtractorLegacyPass LoopSimplify
IROutlinerLegacyPass IRSimilarityIdentifierWrapperPass
IROutlinerLegacyPass OptimizationRemarkEmitterWrapperPass
IROutlinerLegacyPass TargetTransformInfoWrapperPass
PostOrderFunctionAttrsLegacyPass AAResultsWrapperPass
PostOrderFunctionAttrsLegacyPass AssumptionCacheTracker
PostOrderFunctionAttrsLegacyPass CallGraphWrapperPass
AssumeSimplifyPassLegacyPass AssumptionCacheTracker
PredicateInfoPrinterLegacyPass DominatorTreeWrapperPass
PredicateInfoPrinterLegacyPass AssumptionCacheTracker
LowerSwitchLegacyPass AssumptionCacheTracker
LowerSwitchLegacyPass LazyValueInfoWrapperPass
LoopSimplify AssumptionCacheTracker
LoopSimplify DominatorTreeWrapperPass
LoopSimplify LoopInfoWrapperPass
InjectTLIMappingsLegacy TargetLibraryInfoWrapperPass
PromoteLegacyPass AssumptionCacheTracker
PromoteLegacyPass DominatorTreeWrapperPass
LibCallsShrinkWrapLegacyPass TargetLibraryInfoWrapperPass
UnifyLoopExitsLegacyPass LowerSwitchLegacyPass
UnifyLoopExitsLegacyPass DominatorTreeWrapperPass
UnifyLoopExitsLegacyPass LoopInfoWrapperPass
LoopPass DominatorTreeWrapperPass
LoopPass LoopInfoWrapperPass
LoopPass LoopSimplify
LoopPass LCSSAWrapperPass
LoopPass AAResultsWrapperPass
LoopPass BasicAAWrapperPass
LoopPass GlobalsAAWrapperPass
LoopPass SCEVAAWrapperPass
LoopPass ScalarEvolutionWrapperPass
LoopPass MemorySSAWrapperPass
LCSSAWrapperPass DominatorTreeWrapperPass
LCSSAWrapperPass LoopInfoWrapperPass
LCSSAWrapperPass LCSSAVerificationPass
LoopVersioningLegacyPass LoopInfoWrapperPass
LoopVersioningLegacyPass LoopAccessLegacyAnalysis
LoopVersioningLegacyPass DominatorTreeWrapperPass
LoopVersioningLegacyPass ScalarEvolutionWrapperPass
CanonicalizeFreezeInLoops DominatorTreeWrapperPass
CanonicalizeFreezeInLoops ScalarEvolutionWrapperPass
CanonicalizeFreezeInLoops LoopSimplify
FixIrreducible LowerSwitchLegacyPass
FixIrreducible DominatorTreeWrapperPass
FixIrreducible LoopInfoWrapperPass
MetaRenamer TargetLibraryInfoWrapperPass