AAEvalLegacyPass
AAResultsWrapperPass
ADCELegacyPass
AddDiscriminatorsLegacyPass
AggressiveInstCombinePass
AlignmentFromAssumptions
AlwaysInlinerLegacyPass
Annotation2MetadataLegacy
AssumeBuilderPassLegacyPass
AssumeSimplifyPassLegacyPass
AssumptionCacheTracker
AttributorCGSCCLegacyPass
AttributorLegacyPass
BDCELegacyPass
BarrierNoop
BasicAAWrapperPass
BlockFrequencyInfoWrapperPass
BranchProbabilityInfoWrapperPass
BreakCriticalEdges
CFGOnlyPrinterLegacyPass
CFGOnlyViewerLegacyPass
CFGPrinterLegacyPass
CFGSimplifyPass
CFGViewerLegacyPass
CallGraphDOTPrinter
CallGraphPrinterLegacyPass
CallGraphViewer
CallGraphWrapperPass
CallSiteSplittingLegacyPass
CalledValuePropagationLegacyPass
CanonicalizeFreezeInLoops
ConstantHoistingLegacyPass
ConstantMergeLegacyPass
CorrelatedValuePropagation
CostModelAnalysis
CrossDSOCFI
CycleInfoWrapperPass
DAE
DAH
DCELegacyPass
DFAJumpThreadingLegacyPass
DSELegacyPass
Delinearization
DemandedBitsWrapperPass
DependenceAnalysisWrapperPass
DivRemPairsLegacyPass
DomOnlyPrinterWrapperPass
DomOnlyViewerWrapperPass
DomPrinterWrapperPass
DomViewerWrapperPass
DominanceFrontierWrapperPass
DominatorTreeWrapperPass
EarlyCSELegacyPass
EarlyCSEMemSSALegacyPass
EliminateAvailableExternallyLegacyPass
ExternalAAWrapperPass
FixIrreducible
FlattenCFGLegacyPass
Float2IntLegacyPass
ForceFunctionAttrsLegacyPass
GVNHoistLegacyPass
GVNLegacyPass
GVNSinkLegacyPass
GlobalDCELegacyPass
GlobalOptLegacyPass
GlobalSplit
GlobalsAAWrapperPass
GuardWideningLegacyPass
HotColdSplittingLegacyPass
IPSCCPLegacyPass
IRCELegacyPass
IROutlinerLegacyPass
IRSimilarityIdentifierWrapperPass
IVUsersWrapperPass
ImmutableModuleSummaryIndexWrapperPass
IndVarSimplifyLegacyPass
InferAddressSpaces
InferFunctionAttrsLegacyPass
InjectTLIMappingsLegacy
InstCountLegacyPass
InstNamer
InstSimplifyLegacyPass
InstructionCombiningPass
InstructionCombiningPassPass
InternalizeLegacyPass
IntervalPartition
JumpThreading
LCSSAVerificationPass
LCSSAWrapperPass
LazyBFIPass
LazyBPIPass
LazyBlockFrequencyInfoPass
LazyBranchProbabilityInfoPass
LazyValueInfoPrinter
LazyValueInfoWrapperPass
LegacyDivergenceAnalysis
LegacyLICMPass
LegacyLoopSinkPass
LibCallsShrinkWrapLegacyPass
LintLegacyPass
LoadStoreVectorizerLegacyPass
LoopAccessLegacyAnalysis
LoopDataPrefetchLegacyPass
LoopDeletionLegacyPass
LoopDistributeLegacy
LoopExtractorLegacyPass
LoopFlattenLegacyPass
LoopFuseLegacy
LoopGuardWideningLegacyPass
LoopIdiomRecognizeLegacyPass
LoopInfoWrapperPass
LoopInstSimplifyLegacyPass
LoopInterchangeLegacyPass
LoopLoadElimination
LoopPass
LoopPredicationLegacyPass
LoopRerollLegacyPass
LoopRotateLegacyPass
LoopSimplify
LoopSimplifyCFGLegacyPass
LoopStrengthReduce
LoopUnroll
LoopUnrollAndJam
LoopVectorize
LoopVersioningLICMLegacyPass
LoopVersioningLegacyPass
LowerAtomicLegacyPass
LowerConstantIntrinsics
LowerExpectIntrinsic
LowerGlobalDtorsLegacyPass
LowerGuardIntrinsicLegacyPass
LowerInvokeLegacyPass
LowerMatrixIntrinsicsLegacyPass
LowerMatrixIntrinsicsMinimalLegacyPass
LowerSwitchLegacyPass
LowerWidenableConditionLegacyPass
MakeGuardsExplicitLegacyPass
MemCpyOptLegacyPass
MemDepPrinter
MemDerefPrinter
MemoryDependenceWrapperPass
MemorySSAPrinterLegacyPass
MemorySSAWrapperPass
MergeFunctionsLegacyPass
MergeICmpsLegacyPass
MergedLoadStoreMotionLegacyPass
MetaRenamer
ModuleDebugInfoLegacyPrinter
ModuleSummaryIndexWrapperPass
MustBeExecutedContextPrinter
MustExecutePrinter
NaryReassociateLegacyPass
NewGVNLegacyPass
ObjCARCContractLegacyPass
OptimizationRemarkEmitterWrapperPass
PartialInlinerLegacyPass
PartiallyInlineLibCallsLegacyPass
PhiValuesWrapperPass
PlaceBackedgeSafepointsImpl
PlaceSafepoints
PostDomOnlyPrinterWrapperPass
PostDomOnlyViewerWrapperPass
PostDomPrinterWrapperPass
PostDomViewerWrapperPass
PostDominatorTreeWrapperPass
PostOrderFunctionAttrsLegacyPass
PredicateInfoPrinterLegacyPass
ProfileSummaryInfoWrapperPass
PromoteLegacyPass
ReassociateLegacyPass
RedundantDbgInstElimination
RegToMemLegacy
RegionInfoPass
RegionOnlyPrinter
RegionOnlyViewer
RegionPrinter
RegionViewer
ReversePostOrderFunctionAttrsLegacyPass
RewriteStatepointsForGCLegacyPass
SCCPLegacyPass
SCEVAAWrapperPass
SLPVectorizer
SROALegacyPass
ScalarEvolutionWrapperPass
ScalarizeMaskedMemIntrinLegacyPass
ScalarizerLegacyPass
ScopedNoAliasAAWrapperPass
SeparateConstOffsetFromGEPLegacyPass
SimpleInliner
SimpleLoopUnswitchLegacyPass
SingleLoopExtractor
SinkingLegacyPass
SpeculativeExecutionLegacyPass
StackSafetyGlobalInfoWrapperPass
StackSafetyInfoWrapperPass
StraightLineStrengthReduceLegacyPass
StripDeadDebugInfo
StripDeadPrototypesLegacyPass
StripDebugDeclare
StripGCRelocatesLegacy
StripNonDebugSymbols
StripNonLineTableDebugLegacyPass
StripSymbols
StructurizeCFGLegacyPass
TLSVariableHoistLegacyPass
TailCallElim
TargetLibraryInfoWrapperPass
TargetTransformInfoWrapperPass
TypeBasedAAWrapperPass
UniformityInfoWrapperPass
UnifyFunctionExitNodesLegacyPass
UnifyLoopExitsLegacyPass
VectorCombineLegacyPass
WarnMissedTransformationsLegacy