InstructionCombiningPassPass
Annotation2MetadataLegacy
CalledValuePropagationLegacyPass
ConstantMergeLegacyPass
CrossDSOCFI
DAE
DAH
ForceFunctionAttrsLegacyPass
GlobalDCELegacyPass
GlobalOptLegacyPass
GlobalSplit
HotColdSplittingLegacyPass
IROutlinerLegacyPass
AlwaysInlinerLegacyPass
SimpleInliner
InferFunctionAttrsLegacyPass
InternalizeLegacyPass
LoopExtractorLegacyPass
SingleLoopExtractor
MergeFunctionsLegacyPass
PartialInlinerLegacyPass
AttributorLegacyPass
AttributorCGSCCLegacyPass
PostOrderFunctionAttrsLegacyPass
ReversePostOrderFunctionAttrsLegacyPass
IPSCCPLegacyPass
StripDeadPrototypesLegacyPass
StripSymbols
StripDebugDeclare
StripDeadDebugInfo
StripNonDebugSymbols
BarrierNoop
EliminateAvailableExternallyLegacyPass
ADCELegacyPass
BDCELegacyPass
AlignmentFromAssumptions
CallSiteSplittingLegacyPass
ConstantHoistingLegacyPass
CorrelatedValuePropagation
DCELegacyPass
DivRemPairsLegacyPass
ScalarizerLegacyPass
DSELegacyPass
GuardWideningLegacyPass
LoopGuardWideningLegacyPass
GVNLegacyPass
NewGVNLegacyPass
EarlyCSELegacyPass
EarlyCSEMemSSALegacyPass
MakeGuardsExplicitLegacyPass
GVNHoistLegacyPass
GVNSinkLegacyPass
FlattenCFGLegacyPass
IRCELegacyPass
IndVarSimplifyLegacyPass
InferAddressSpaces
InstSimplifyLegacyPass
JumpThreading
DFAJumpThreadingLegacyPass
LegacyLICMPass
LegacyLoopSinkPass
LoopFuseLegacy
LoopDataPrefetchLegacyPass
LoopDeletionLegacyPass
LoopAccessLegacyAnalysis
LoopInstSimplifyLegacyPass
LoopInterchangeLegacyPass
LoopFlattenLegacyPass
LoopPredicationLegacyPass
LoopRotateLegacyPass
LoopStrengthReduce
LoopRerollLegacyPass
LoopUnroll
LoopUnrollAndJam
WarnMissedTransformationsLegacy
LoopVersioningLICMLegacyPass
LoopIdiomRecognizeLegacyPass
LowerAtomicLegacyPass
LowerConstantIntrinsics
LowerExpectIntrinsic
LowerGuardIntrinsicLegacyPass
LowerMatrixIntrinsicsLegacyPass
LowerMatrixIntrinsicsMinimalLegacyPass
LowerWidenableConditionLegacyPass
MemCpyOptLegacyPass
MergeICmpsLegacyPass
MergedLoadStoreMotionLegacyPass
NaryReassociateLegacyPass
PartiallyInlineLibCallsLegacyPass
ReassociateLegacyPass
RedundantDbgInstElimination
RegToMemLegacy
RewriteStatepointsForGCLegacyPass
ScalarizeMaskedMemIntrinLegacyPass
SCCPLegacyPass
SROALegacyPass
CFGSimplifyPass
StructurizeCFGLegacyPass
SimpleLoopUnswitchLegacyPass
SinkingLegacyPass
TailCallElim
TLSVariableHoistLegacyPass
SeparateConstOffsetFromGEPLegacyPass
SpeculativeExecutionLegacyPass
StraightLineStrengthReduceLegacyPass
PlaceBackedgeSafepointsImpl
PlaceSafepoints
Float2IntLegacyPass
LoopDistributeLegacy
LoopLoadElimination
LoopSimplifyCFGLegacyPass
LoopVersioningLegacyPass
AggressiveInstCombinePass
AddDiscriminatorsLegacyPass
AssumeSimplifyPassLegacyPass
AssumeBuilderPassLegacyPass
BreakCriticalEdges
CanonicalizeFreezeInLoops
InstNamer
LCSSAWrapperPass
LibCallsShrinkWrapLegacyPass
LoopSimplify
LowerGlobalDtorsLegacyPass
LowerInvokeLegacyPass
LowerSwitchLegacyPass
PromoteLegacyPass
StripNonLineTableDebugLegacyPass
UnifyFunctionExitNodesLegacyPass
MetaRenamer
StripGCRelocatesLegacy
PredicateInfoPrinterLegacyPass
InjectTLIMappingsLegacy
FixIrreducible
UnifyLoopExitsLegacyPass
LoopVectorize
SLPVectorizer
LoadStoreVectorizerLegacyPass
VectorCombineLegacyPass
AAEvalLegacyPass
BasicAAWrapperPass
BlockFrequencyInfoWrapperPass
BranchProbabilityInfoWrapperPass
CallGraphWrapperPass
CallGraphDOTPrinter
CallGraphPrinterLegacyPass
CallGraphViewer
CostModelAnalysis
CFGViewerLegacyPass
CFGPrinterLegacyPass
CFGOnlyViewerLegacyPass
CFGOnlyPrinterLegacyPass
CycleInfoWrapperPass
DependenceAnalysisWrapperPass
Delinearization
DemandedBitsWrapperPass
DominanceFrontierWrapperPass
DomViewerWrapperPass
DomPrinterWrapperPass
DomOnlyViewerWrapperPass
PostDomViewerWrapperPass
DomOnlyPrinterWrapperPass
PostDomPrinterWrapperPass
PostDomOnlyViewerWrapperPass
PostDomOnlyPrinterWrapperPass
AAResultsWrapperPass
GlobalsAAWrapperPass
IVUsersWrapperPass
InstCountLegacyPass
IntervalPartition
IRSimilarityIdentifierWrapperPass
LazyBranchProbabilityInfoPass
LazyBlockFrequencyInfoPass
LazyValueInfoWrapperPass
LazyValueInfoPrinter
LegacyDivergenceAnalysis
LintLegacyPass
LoopInfoWrapperPass
MemDepPrinter
MemDerefPrinter
MemoryDependenceWrapperPass
ModuleDebugInfoLegacyPrinter
ModuleSummaryIndexWrapperPass
MustExecutePrinter
MustBeExecutedContextPrinter
OptimizationRemarkEmitterWrapperPass
PhiValuesWrapperPass
PostDominatorTreeWrapperPass
RegionInfoPass
RegionViewer
RegionPrinter
RegionOnlyViewer
RegionOnlyPrinter
SCEVAAWrapperPass
ScalarEvolutionWrapperPass
StackSafetyGlobalInfoWrapperPass
StackSafetyInfoWrapperPass
TargetTransformInfoWrapperPass
TypeBasedAAWrapperPass
ScopedNoAliasAAWrapperPass
LCSSAVerificationPass
MemorySSAWrapperPass
MemorySSAPrinterLegacyPass
DominatorTreeWrapperPassPass
PrintModulePassWrapperPass
PrintFunctionPassWrapperPass
SafepointIRVerifierPass
VerifierLegacyPassPass